2019-11-29 16:34:29.614 INFO  o.s.c.s.PostProcessorRegistrationDelegate$BeanPostProcessorChecker - Bean 'org.springframework.cloud.autoconfigure.ConfigurationPropertiesRebinderAutoConfiguration' of type [org.springframework.cloud.autoconfigure.ConfigurationPropertiesRebinderAutoConfiguration$$EnhancerBySpringCGLIB$$2fccf74c] is not eligible for getting processed by all BeanPostProcessors (for example: not eligible for auto-proxying)
2019-11-29 16:34:32.466 INFO  c.e.m.MicroserviceSimpleProviderApplication - No active profile set, falling back to default profiles: default
2019-11-29 16:34:37.028 INFO  o.springframework.cloud.context.scope.GenericScope - BeanFactory id=a09f9233-4395-310f-bc58-b4a4f3ae78cd
2019-11-29 16:34:37.100 INFO  o.s.c.s.PostProcessorRegistrationDelegate$BeanPostProcessorChecker - Bean 'com.example.microservicesimpleapi.service.IUserService' of type [org.springframework.cloud.openfeign.FeignClientFactoryBean] is not eligible for getting processed by all BeanPostProcessors (for example: not eligible for auto-proxying)
2019-11-29 16:34:37.490 INFO  o.s.c.s.PostProcessorRegistrationDelegate$BeanPostProcessorChecker - Bean 'org.springframework.transaction.annotation.ProxyTransactionManagementConfiguration' of type [org.springframework.transaction.annotation.ProxyTransactionManagementConfiguration$$EnhancerBySpringCGLIB$$13b2f44f] is not eligible for getting processed by all BeanPostProcessors (for example: not eligible for auto-proxying)
2019-11-29 16:34:37.552 INFO  o.s.c.s.PostProcessorRegistrationDelegate$BeanPostProcessorChecker - Bean 'org.springframework.cloud.autoconfigure.ConfigurationPropertiesRebinderAutoConfiguration' of type [org.springframework.cloud.autoconfigure.ConfigurationPropertiesRebinderAutoConfiguration$$EnhancerBySpringCGLIB$$2fccf74c] is not eligible for getting processed by all BeanPostProcessors (for example: not eligible for auto-proxying)
2019-11-29 16:34:38.860 INFO  o.s.boot.web.embedded.tomcat.TomcatWebServer - Tomcat initialized with port(s): 8080 (http)
2019-11-29 16:34:38.930 INFO  org.apache.coyote.http11.Http11NioProtocol - Initializing ProtocolHandler ["http-nio-8080"]
2019-11-29 16:34:38.945 INFO  org.apache.catalina.core.StandardService - Starting service [Tomcat]
2019-11-29 16:34:38.946 INFO  org.apache.catalina.core.StandardEngine - Starting Servlet engine: [Apache Tomcat/9.0.19]
2019-11-29 16:34:39.453 INFO  o.a.c.core.ContainerBase.[Tomcat].[localhost].[/] - Initializing Spring embedded WebApplicationContext
2019-11-29 16:34:39.454 INFO  org.springframework.web.context.ContextLoader - Root WebApplicationContext: initialization completed in 6905 ms
2019-11-29 16:34:42.280 INFO  s.d.s.w.PropertySourcedRequestMappingHandlerMapping - Mapped URL path [/v2/api-docs] onto method [public org.springframework.http.ResponseEntity<springfox.documentation.spring.web.json.Json> springfox.documentation.swagger2.web.Swagger2Controller.getDocumentation(java.lang.String,javax.servlet.http.HttpServletRequest)]
2019-11-29 16:34:42.316 WARN  com.netflix.config.sources.URLConfigurationSource - No URLs will be polled as dynamic configuration sources.
2019-11-29 16:34:42.316 INFO  com.netflix.config.sources.URLConfigurationSource - To enable URLs as dynamic configuration sources, define System property archaius.configurationSource.additionalUrls or make config.properties available on classpath.
2019-11-29 16:34:42.327 WARN  com.netflix.config.sources.URLConfigurationSource - No URLs will be polled as dynamic configuration sources.
2019-11-29 16:34:42.327 INFO  com.netflix.config.sources.URLConfigurationSource - To enable URLs as dynamic configuration sources, define System property archaius.configurationSource.additionalUrls or make config.properties available on classpath.
2019-11-29 16:34:42.641 INFO  o.s.scheduling.concurrent.ThreadPoolTaskExecutor - Initializing ExecutorService 'applicationTaskExecutor'
2019-11-29 16:34:46.456 INFO  org.springframework.cloud.commons.util.InetUtils - Cannot determine local hostname
2019-11-29 16:34:49.369 INFO  org.springframework.cloud.commons.util.InetUtils - Cannot determine local hostname
2019-11-29 16:34:49.621 INFO  o.s.cloud.netflix.eureka.InstanceInfoFactory - Setting initial instance status as: STARTING
2019-11-29 16:34:49.675 INFO  com.netflix.discovery.DiscoveryClient - Initializing Eureka in region us-east-1
2019-11-29 16:34:49.962 INFO  c.n.discovery.provider.DiscoveryJerseyProvider - Using JSON encoding codec LegacyJacksonJson
2019-11-29 16:34:49.962 INFO  c.n.discovery.provider.DiscoveryJerseyProvider - Using JSON decoding codec LegacyJacksonJson
2019-11-29 16:34:50.380 INFO  c.n.discovery.provider.DiscoveryJerseyProvider - Using XML encoding codec XStreamXml
2019-11-29 16:34:50.381 INFO  c.n.discovery.provider.DiscoveryJerseyProvider - Using XML decoding codec XStreamXml
2019-11-29 16:34:51.022 INFO  c.n.d.shared.resolver.aws.ConfigClusterResolver - Resolving eureka endpoints via configuration
2019-11-29 16:34:52.171 INFO  o.s.c.s.PostProcessorRegistrationDelegate$BeanPostProcessorChecker - Bean 'org.springframework.cloud.autoconfigure.ConfigurationPropertiesRebinderAutoConfiguration' of type [org.springframework.cloud.autoconfigure.ConfigurationPropertiesRebinderAutoConfiguration$$EnhancerBySpringCGLIB$$601003e] is not eligible for getting processed by all BeanPostProcessors (for example: not eligible for auto-proxying)
2019-11-29 16:34:52.612 INFO  com.netflix.discovery.DiscoveryClient - Disable delta property : false
2019-11-29 16:34:52.613 INFO  com.netflix.discovery.DiscoveryClient - Single vip registry refresh property : null
2019-11-29 16:34:52.614 INFO  com.netflix.discovery.DiscoveryClient - Force full registry fetch : false
2019-11-29 16:34:52.614 INFO  com.netflix.discovery.DiscoveryClient - Application is null : false
2019-11-29 16:34:52.614 INFO  com.netflix.discovery.DiscoveryClient - Registered Applications size is zero : true
2019-11-29 16:34:52.614 INFO  com.netflix.discovery.DiscoveryClient - Application version is -1: true
2019-11-29 16:34:52.623 INFO  com.netflix.discovery.DiscoveryClient - Getting all instance registry info from the eureka server
2019-11-29 16:34:54.323 INFO  com.netflix.discovery.DiscoveryClient - The response status is 200
2019-11-29 16:34:54.331 INFO  com.netflix.discovery.DiscoveryClient - Starting heartbeat executor: renew interval is: 30
2019-11-29 16:34:54.338 INFO  com.netflix.discovery.InstanceInfoReplicator - InstanceInfoReplicator onDemand update allowed rate per min is 4
2019-11-29 16:34:54.343 INFO  com.netflix.discovery.DiscoveryClient - Discovery Client initialized at timestamp 1575016494342 with initial instances count: 0
2019-11-29 16:34:54.345 INFO  o.s.c.n.e.serviceregistry.EurekaServiceRegistry - Registering application MICROSERVICE-SIMPLE-PROVIDER with eureka with status UP
2019-11-29 16:34:54.346 INFO  com.netflix.discovery.DiscoveryClient - Saw local status change event StatusChangeEvent [timestamp=1575016494346, current=UP, previous=STARTING]
2019-11-29 16:34:54.350 INFO  com.netflix.discovery.DiscoveryClient - DiscoveryClient_MICROSERVICE-SIMPLE-PROVIDER/localhost:microservice-simple-provider:8080: registering service...
2019-11-29 16:34:54.353 INFO  s.d.s.web.plugins.DocumentationPluginsBootstrapper - Context refreshed
2019-11-29 16:34:54.414 INFO  s.d.s.web.plugins.DocumentationPluginsBootstrapper - Found 1 custom documentation plugin(s)
2019-11-29 16:34:54.511 INFO  s.d.spring.web.scanners.ApiListingReferenceScanner - Scanning for api listing references
2019-11-29 16:34:54.589 INFO  com.netflix.discovery.DiscoveryClient - DiscoveryClient_MICROSERVICE-SIMPLE-PROVIDER/localhost:microservice-simple-provider:8080 - registration status: 204
2019-11-29 16:34:54.853 INFO  org.apache.coyote.http11.Http11NioProtocol - Starting ProtocolHandler ["http-nio-8080"]
2019-11-29 16:34:54.947 INFO  o.s.boot.web.embedded.tomcat.TomcatWebServer - Tomcat started on port(s): 8080 (http) with context path ''
2019-11-29 16:34:54.951 INFO  o.s.c.n.e.s.EurekaAutoServiceRegistration - Updating port to 8080
2019-11-29 16:34:54.955 INFO  c.e.m.MicroserviceSimpleProviderApplication - Started MicroserviceSimpleProviderApplication in 28.37 seconds (JVM running for 33.294)
2019-11-29 16:34:55.662 INFO  c.e.m.MicroserviceSimpleProvider2Application - No active profile set, falling back to default profiles: default
2019-11-29 16:34:58.181 INFO  o.springframework.cloud.context.scope.GenericScope - BeanFactory id=4cb60f1a-de3e-38e4-a36e-cfe952cbad03
2019-11-29 16:34:58.235 INFO  o.s.c.s.PostProcessorRegistrationDelegate$BeanPostProcessorChecker - Bean 'com.example.microservicesimpleapi.service.IUserService' of type [org.springframework.cloud.openfeign.FeignClientFactoryBean] is not eligible for getting processed by all BeanPostProcessors (for example: not eligible for auto-proxying)
2019-11-29 16:34:58.441 INFO  o.s.c.s.PostProcessorRegistrationDelegate$BeanPostProcessorChecker - Bean 'org.springframework.transaction.annotation.ProxyTransactionManagementConfiguration' of type [org.springframework.transaction.annotation.ProxyTransactionManagementConfiguration$$EnhancerBySpringCGLIB$$e9e6fd41] is not eligible for getting processed by all BeanPostProcessors (for example: not eligible for auto-proxying)
2019-11-29 16:34:58.500 INFO  o.s.c.s.PostProcessorRegistrationDelegate$BeanPostProcessorChecker - Bean 'org.springframework.cloud.autoconfigure.ConfigurationPropertiesRebinderAutoConfiguration' of type [org.springframework.cloud.autoconfigure.ConfigurationPropertiesRebinderAutoConfiguration$$EnhancerBySpringCGLIB$$601003e] is not eligible for getting processed by all BeanPostProcessors (for example: not eligible for auto-proxying)
2019-11-29 16:34:59.370 INFO  o.s.boot.web.embedded.tomcat.TomcatWebServer - Tomcat initialized with port(s): 8082 (http)
2019-11-29 16:34:59.409 INFO  org.apache.coyote.http11.Http11NioProtocol - Initializing ProtocolHandler ["http-nio-8082"]
2019-11-29 16:34:59.442 INFO  org.apache.catalina.core.StandardService - Starting service [Tomcat]
2019-11-29 16:34:59.443 INFO  org.apache.catalina.core.StandardEngine - Starting Servlet engine: [Apache Tomcat/9.0.19]
2019-11-29 16:35:00.027 INFO  o.a.c.core.ContainerBase.[Tomcat].[localhost].[/] - Initializing Spring embedded WebApplicationContext
2019-11-29 16:35:00.028 INFO  org.springframework.web.context.ContextLoader - Root WebApplicationContext: initialization completed in 4288 ms
2019-11-29 16:35:03.090 INFO  s.d.s.w.PropertySourcedRequestMappingHandlerMapping - Mapped URL path [/v2/api-docs] onto method [public org.springframework.http.ResponseEntity<springfox.documentation.spring.web.json.Json> springfox.documentation.swagger2.web.Swagger2Controller.getDocumentation(java.lang.String,javax.servlet.http.HttpServletRequest)]
2019-11-29 16:35:03.120 WARN  com.netflix.config.sources.URLConfigurationSource - No URLs will be polled as dynamic configuration sources.
2019-11-29 16:35:03.122 INFO  com.netflix.config.sources.URLConfigurationSource - To enable URLs as dynamic configuration sources, define System property archaius.configurationSource.additionalUrls or make config.properties available on classpath.
2019-11-29 16:35:03.133 WARN  com.netflix.config.sources.URLConfigurationSource - No URLs will be polled as dynamic configuration sources.
2019-11-29 16:35:03.133 INFO  com.netflix.config.sources.URLConfigurationSource - To enable URLs as dynamic configuration sources, define System property archaius.configurationSource.additionalUrls or make config.properties available on classpath.
2019-11-29 16:35:03.479 INFO  o.s.scheduling.concurrent.ThreadPoolTaskExecutor - Initializing ExecutorService 'applicationTaskExecutor'
2019-11-29 16:35:06.039 INFO  org.springframework.cloud.commons.util.InetUtils - Cannot determine local hostname
2019-11-29 16:35:07.727 INFO  org.springframework.cloud.commons.util.InetUtils - Cannot determine local hostname
2019-11-29 16:35:08.109 INFO  o.s.cloud.netflix.eureka.InstanceInfoFactory - Setting initial instance status as: STARTING
2019-11-29 16:35:08.185 INFO  com.netflix.discovery.DiscoveryClient - Initializing Eureka in region us-east-1
2019-11-29 16:35:08.537 INFO  c.n.discovery.provider.DiscoveryJerseyProvider - Using JSON encoding codec LegacyJacksonJson
2019-11-29 16:35:08.540 INFO  c.n.discovery.provider.DiscoveryJerseyProvider - Using JSON decoding codec LegacyJacksonJson
2019-11-29 16:35:08.982 INFO  c.n.discovery.provider.DiscoveryJerseyProvider - Using XML encoding codec XStreamXml
2019-11-29 16:35:08.982 INFO  c.n.discovery.provider.DiscoveryJerseyProvider - Using XML decoding codec XStreamXml
2019-11-29 16:35:09.438 INFO  c.n.d.shared.resolver.aws.ConfigClusterResolver - Resolving eureka endpoints via configuration
2019-11-29 16:35:10.021 INFO  com.netflix.discovery.DiscoveryClient - Disable delta property : false
2019-11-29 16:35:10.021 INFO  com.netflix.discovery.DiscoveryClient - Single vip registry refresh property : null
2019-11-29 16:35:10.022 INFO  com.netflix.discovery.DiscoveryClient - Force full registry fetch : false
2019-11-29 16:35:10.022 INFO  com.netflix.discovery.DiscoveryClient - Application is null : false
2019-11-29 16:35:10.022 INFO  com.netflix.discovery.DiscoveryClient - Registered Applications size is zero : true
2019-11-29 16:35:10.022 INFO  com.netflix.discovery.DiscoveryClient - Application version is -1: true
2019-11-29 16:35:10.022 INFO  com.netflix.discovery.DiscoveryClient - Getting all instance registry info from the eureka server
2019-11-29 16:35:10.608 INFO  com.netflix.discovery.DiscoveryClient - The response status is 200
2019-11-29 16:35:10.620 INFO  com.netflix.discovery.DiscoveryClient - Starting heartbeat executor: renew interval is: 30
2019-11-29 16:35:10.624 INFO  com.netflix.discovery.InstanceInfoReplicator - InstanceInfoReplicator onDemand update allowed rate per min is 4
2019-11-29 16:35:10.638 INFO  com.netflix.discovery.DiscoveryClient - Discovery Client initialized at timestamp 1575016510635 with initial instances count: 1
2019-11-29 16:35:10.640 INFO  o.s.c.n.e.serviceregistry.EurekaServiceRegistry - Registering application MICROSERVICE-SIMPLE-PROVIDER with eureka with status UP
2019-11-29 16:35:10.641 INFO  com.netflix.discovery.DiscoveryClient - Saw local status change event StatusChangeEvent [timestamp=1575016510641, current=UP, previous=STARTING]
2019-11-29 16:35:10.643 INFO  com.netflix.discovery.DiscoveryClient - DiscoveryClient_MICROSERVICE-SIMPLE-PROVIDER/localhost:microservice-simple-provider:8082: registering service...
2019-11-29 16:35:10.645 INFO  s.d.s.web.plugins.DocumentationPluginsBootstrapper - Context refreshed
2019-11-29 16:35:10.699 INFO  s.d.s.web.plugins.DocumentationPluginsBootstrapper - Found 1 custom documentation plugin(s)
2019-11-29 16:35:10.722 INFO  com.netflix.discovery.DiscoveryClient - DiscoveryClient_MICROSERVICE-SIMPLE-PROVIDER/localhost:microservice-simple-provider:8082 - registration status: 204
2019-11-29 16:35:10.789 INFO  s.d.spring.web.scanners.ApiListingReferenceScanner - Scanning for api listing references
2019-11-29 16:35:11.193 INFO  org.apache.coyote.http11.Http11NioProtocol - Starting ProtocolHandler ["http-nio-8082"]
2019-11-29 16:35:11.247 INFO  o.s.boot.web.embedded.tomcat.TomcatWebServer - Tomcat started on port(s): 8082 (http) with context path ''
2019-11-29 16:35:11.249 INFO  o.s.c.n.e.s.EurekaAutoServiceRegistration - Updating port to 8082
2019-11-29 16:35:11.255 INFO  c.e.m.MicroserviceSimpleProvider2Application - Started MicroserviceSimpleProvider2Application in 23.724 seconds (JVM running for 27.596)
2019-11-29 16:35:24.334 INFO  com.netflix.discovery.DiscoveryClient - Disable delta property : false
2019-11-29 16:35:24.336 INFO  com.netflix.discovery.DiscoveryClient - Single vip registry refresh property : null
2019-11-29 16:35:24.337 INFO  com.netflix.discovery.DiscoveryClient - Force full registry fetch : false
2019-11-29 16:35:24.337 INFO  com.netflix.discovery.DiscoveryClient - Application is null : false
2019-11-29 16:35:24.337 INFO  com.netflix.discovery.DiscoveryClient - Registered Applications size is zero : true
2019-11-29 16:35:24.337 INFO  com.netflix.discovery.DiscoveryClient - Application version is -1: false
2019-11-29 16:35:24.337 INFO  com.netflix.discovery.DiscoveryClient - Getting all instance registry info from the eureka server
2019-11-29 16:35:24.460 INFO  com.netflix.discovery.DiscoveryClient - The response status is 200
2019-11-29 16:37:02.680 INFO  o.a.c.core.ContainerBase.[Tomcat].[localhost].[/] - Initializing Spring DispatcherServlet 'dispatcherServlet'
2019-11-29 16:37:02.680 INFO  org.springframework.web.servlet.DispatcherServlet - Initializing Servlet 'dispatcherServlet'
2019-11-29 16:37:02.695 INFO  org.springframework.web.servlet.DispatcherServlet - Completed initialization in 15 ms
2019-11-29 16:37:02.836 INFO  com.zaxxer.hikari.HikariDataSource - HikariPool-1 - Starting...
2019-11-29 16:37:03.165 INFO  com.zaxxer.hikari.HikariDataSource - HikariPool-1 - Start completed.
2019-11-29 16:37:03.332 INFO  c.e.m.serviceImpl.UserServiceImpl - microservice-simple-provider
2019-11-29 16:39:52.628 INFO  c.n.d.shared.resolver.aws.ConfigClusterResolver - Resolving eureka endpoints via configuration
2019-11-29 16:40:10.026 INFO  c.n.d.shared.resolver.aws.ConfigClusterResolver - Resolving eureka endpoints via configuration
2019-11-29 16:44:52.631 INFO  c.n.d.shared.resolver.aws.ConfigClusterResolver - Resolving eureka endpoints via configuration
2019-11-29 16:45:10.027 INFO  c.n.d.shared.resolver.aws.ConfigClusterResolver - Resolving eureka endpoints via configuration
2019-11-29 16:49:52.632 INFO  c.n.d.shared.resolver.aws.ConfigClusterResolver - Resolving eureka endpoints via configuration
2019-11-29 16:50:10.037 INFO  c.n.d.shared.resolver.aws.ConfigClusterResolver - Resolving eureka endpoints via configuration
2019-11-29 16:50:55.283 INFO  o.s.c.n.e.serviceregistry.EurekaServiceRegistry - Unregistering application MICROSERVICE-SIMPLE-PROVIDER with eureka with status DOWN
2019-11-29 16:50:55.283 WARN  com.netflix.discovery.DiscoveryClient - Saw local status change event StatusChangeEvent [timestamp=1575017455283, current=DOWN, previous=UP]
2019-11-29 16:50:55.284 INFO  com.netflix.discovery.DiscoveryClient - DiscoveryClient_MICROSERVICE-SIMPLE-PROVIDER/localhost:microservice-simple-provider:8082: registering service...
2019-11-29 16:50:55.292 INFO  com.netflix.discovery.DiscoveryClient - DiscoveryClient_MICROSERVICE-SIMPLE-PROVIDER/localhost:microservice-simple-provider:8082 - registration status: 204
2019-11-29 16:50:55.294 INFO  o.s.scheduling.concurrent.ThreadPoolTaskExecutor - Shutting down ExecutorService 'applicationTaskExecutor'
2019-11-29 16:50:55.307 INFO  com.netflix.discovery.DiscoveryClient - Shutting down DiscoveryClient ...
2019-11-29 16:50:56.520 INFO  o.s.c.n.e.serviceregistry.EurekaServiceRegistry - Unregistering application MICROSERVICE-SIMPLE-PROVIDER with eureka with status DOWN
2019-11-29 16:50:56.521 WARN  com.netflix.discovery.DiscoveryClient - Saw local status change event StatusChangeEvent [timestamp=1575017456521, current=DOWN, previous=UP]
2019-11-29 16:50:56.521 INFO  com.netflix.discovery.DiscoveryClient - DiscoveryClient_MICROSERVICE-SIMPLE-PROVIDER/localhost:microservice-simple-provider:8080: registering service...
2019-11-29 16:50:56.530 INFO  o.s.scheduling.concurrent.ThreadPoolTaskExecutor - Shutting down ExecutorService 'applicationTaskExecutor'
2019-11-29 16:50:56.531 INFO  com.netflix.discovery.DiscoveryClient - DiscoveryClient_MICROSERVICE-SIMPLE-PROVIDER/localhost:microservice-simple-provider:8080 - registration status: 204
2019-11-29 16:50:56.541 INFO  com.netflix.discovery.DiscoveryClient - Shutting down DiscoveryClient ...
2019-11-29 16:50:58.317 INFO  com.netflix.discovery.DiscoveryClient - Unregistering ...
2019-11-29 16:50:58.324 INFO  com.netflix.discovery.DiscoveryClient - DiscoveryClient_MICROSERVICE-SIMPLE-PROVIDER/localhost:microservice-simple-provider:8082 - deregister  status: 200
2019-11-29 16:50:58.333 INFO  com.netflix.discovery.DiscoveryClient - Completed shut down of DiscoveryClient
2019-11-29 16:50:59.544 INFO  com.netflix.discovery.DiscoveryClient - Unregistering ...
2019-11-29 16:50:59.555 INFO  com.netflix.discovery.DiscoveryClient - DiscoveryClient_MICROSERVICE-SIMPLE-PROVIDER/localhost:microservice-simple-provider:8080 - deregister  status: 200
2019-11-29 16:50:59.570 INFO  com.netflix.discovery.DiscoveryClient - Completed shut down of DiscoveryClient
2019-11-29 16:50:59.570 INFO  com.zaxxer.hikari.HikariDataSource - HikariPool-1 - Shutdown initiated...
2019-11-29 16:50:59.592 INFO  com.zaxxer.hikari.HikariDataSource - HikariPool-1 - Shutdown completed.
2019-11-29 16:51:20.314 INFO  o.s.c.s.PostProcessorRegistrationDelegate$BeanPostProcessorChecker - Bean 'org.springframework.cloud.autoconfigure.ConfigurationPropertiesRebinderAutoConfiguration' of type [org.springframework.cloud.autoconfigure.ConfigurationPropertiesRebinderAutoConfiguration$$EnhancerBySpringCGLIB$$4a3f7ad8] is not eligible for getting processed by all BeanPostProcessors (for example: not eligible for auto-proxying)
2019-11-29 16:51:22.329 INFO  c.e.m.MicroserviceSimpleProviderApplication - No active profile set, falling back to default profiles: default
2019-11-29 16:51:23.843 INFO  o.springframework.cloud.context.scope.GenericScope - BeanFactory id=a09f9233-4395-310f-bc58-b4a4f3ae78cd
2019-11-29 16:51:23.885 INFO  o.s.c.s.PostProcessorRegistrationDelegate$BeanPostProcessorChecker - Bean 'com.example.microservicesimpleapi.service.IUserService' of type [org.springframework.cloud.openfeign.FeignClientFactoryBean] is not eligible for getting processed by all BeanPostProcessors (for example: not eligible for auto-proxying)
2019-11-29 16:51:24.037 INFO  o.s.c.s.PostProcessorRegistrationDelegate$BeanPostProcessorChecker - Bean 'org.springframework.transaction.annotation.ProxyTransactionManagementConfiguration' of type [org.springframework.transaction.annotation.ProxyTransactionManagementConfiguration$$EnhancerBySpringCGLIB$$2e2577db] is not eligible for getting processed by all BeanPostProcessors (for example: not eligible for auto-proxying)
2019-11-29 16:51:24.079 INFO  o.s.c.s.PostProcessorRegistrationDelegate$BeanPostProcessorChecker - Bean 'org.springframework.cloud.autoconfigure.ConfigurationPropertiesRebinderAutoConfiguration' of type [org.springframework.cloud.autoconfigure.ConfigurationPropertiesRebinderAutoConfiguration$$EnhancerBySpringCGLIB$$4a3f7ad8] is not eligible for getting processed by all BeanPostProcessors (for example: not eligible for auto-proxying)
2019-11-29 16:51:24.465 INFO  o.s.boot.web.embedded.tomcat.TomcatWebServer - Tomcat initialized with port(s): 8080 (http)
2019-11-29 16:51:24.496 INFO  org.apache.coyote.http11.Http11NioProtocol - Initializing ProtocolHandler ["http-nio-8080"]
2019-11-29 16:51:24.506 INFO  org.apache.catalina.core.StandardService - Starting service [Tomcat]
2019-11-29 16:51:24.507 INFO  org.apache.catalina.core.StandardEngine - Starting Servlet engine: [Apache Tomcat/9.0.19]
2019-11-29 16:51:24.729 INFO  o.a.c.core.ContainerBase.[Tomcat].[localhost].[/] - Initializing Spring embedded WebApplicationContext
2019-11-29 16:51:24.730 INFO  org.springframework.web.context.ContextLoader - Root WebApplicationContext: initialization completed in 2366 ms
2019-11-29 16:51:26.284 INFO  s.d.s.w.PropertySourcedRequestMappingHandlerMapping - Mapped URL path [/v2/api-docs] onto method [public org.springframework.http.ResponseEntity<springfox.documentation.spring.web.json.Json> springfox.documentation.swagger2.web.Swagger2Controller.getDocumentation(java.lang.String,javax.servlet.http.HttpServletRequest)]
2019-11-29 16:51:26.309 WARN  com.netflix.config.sources.URLConfigurationSource - No URLs will be polled as dynamic configuration sources.
2019-11-29 16:51:26.309 INFO  com.netflix.config.sources.URLConfigurationSource - To enable URLs as dynamic configuration sources, define System property archaius.configurationSource.additionalUrls or make config.properties available on classpath.
2019-11-29 16:51:26.324 WARN  com.netflix.config.sources.URLConfigurationSource - No URLs will be polled as dynamic configuration sources.
2019-11-29 16:51:26.324 INFO  com.netflix.config.sources.URLConfigurationSource - To enable URLs as dynamic configuration sources, define System property archaius.configurationSource.additionalUrls or make config.properties available on classpath.
2019-11-29 16:51:26.543 INFO  o.s.scheduling.concurrent.ThreadPoolTaskExecutor - Initializing ExecutorService 'applicationTaskExecutor'
2019-11-29 16:51:28.538 INFO  org.springframework.cloud.commons.util.InetUtils - Cannot determine local hostname
2019-11-29 16:51:30.504 INFO  org.springframework.cloud.commons.util.InetUtils - Cannot determine local hostname
2019-11-29 16:51:30.808 INFO  o.s.cloud.netflix.eureka.InstanceInfoFactory - Setting initial instance status as: STARTING
2019-11-29 16:51:30.882 INFO  com.netflix.discovery.DiscoveryClient - Initializing Eureka in region us-east-1
2019-11-29 16:51:31.251 INFO  c.n.discovery.provider.DiscoveryJerseyProvider - Using JSON encoding codec LegacyJacksonJson
2019-11-29 16:51:31.251 INFO  c.n.discovery.provider.DiscoveryJerseyProvider - Using JSON decoding codec LegacyJacksonJson
2019-11-29 16:51:31.584 INFO  c.n.discovery.provider.DiscoveryJerseyProvider - Using XML encoding codec XStreamXml
2019-11-29 16:51:31.585 INFO  c.n.discovery.provider.DiscoveryJerseyProvider - Using XML decoding codec XStreamXml
2019-11-29 16:51:32.133 INFO  c.n.d.shared.resolver.aws.ConfigClusterResolver - Resolving eureka endpoints via configuration
2019-11-29 16:51:32.667 INFO  com.netflix.discovery.DiscoveryClient - Disable delta property : false
2019-11-29 16:51:32.667 INFO  com.netflix.discovery.DiscoveryClient - Single vip registry refresh property : null
2019-11-29 16:51:32.667 INFO  com.netflix.discovery.DiscoveryClient - Force full registry fetch : false
2019-11-29 16:51:32.667 INFO  com.netflix.discovery.DiscoveryClient - Application is null : false
2019-11-29 16:51:32.668 INFO  com.netflix.discovery.DiscoveryClient - Registered Applications size is zero : true
2019-11-29 16:51:32.668 INFO  com.netflix.discovery.DiscoveryClient - Application version is -1: true
2019-11-29 16:51:32.668 INFO  com.netflix.discovery.DiscoveryClient - Getting all instance registry info from the eureka server
2019-11-29 16:51:33.105 INFO  com.netflix.discovery.DiscoveryClient - The response status is 200
2019-11-29 16:51:33.111 INFO  com.netflix.discovery.DiscoveryClient - Starting heartbeat executor: renew interval is: 30
2019-11-29 16:51:33.116 INFO  com.netflix.discovery.InstanceInfoReplicator - InstanceInfoReplicator onDemand update allowed rate per min is 4
2019-11-29 16:51:33.124 INFO  com.netflix.discovery.DiscoveryClient - Discovery Client initialized at timestamp 1575017493120 with initial instances count: 0
2019-11-29 16:51:33.127 INFO  o.s.c.n.e.serviceregistry.EurekaServiceRegistry - Registering application MICROSERVICE-SIMPLE-PROVIDER with eureka with status UP
2019-11-29 16:51:33.129 INFO  com.netflix.discovery.DiscoveryClient - Saw local status change event StatusChangeEvent [timestamp=1575017493129, current=UP, previous=STARTING]
2019-11-29 16:51:33.132 INFO  com.netflix.discovery.DiscoveryClient - DiscoveryClient_MICROSERVICE-SIMPLE-PROVIDER/localhost:microservice-simple-provider:8080: registering service...
2019-11-29 16:51:33.134 INFO  s.d.s.web.plugins.DocumentationPluginsBootstrapper - Context refreshed
2019-11-29 16:51:33.182 INFO  s.d.s.web.plugins.DocumentationPluginsBootstrapper - Found 1 custom documentation plugin(s)
2019-11-29 16:51:33.271 INFO  s.d.spring.web.scanners.ApiListingReferenceScanner - Scanning for api listing references
2019-11-29 16:51:33.297 INFO  com.netflix.discovery.DiscoveryClient - DiscoveryClient_MICROSERVICE-SIMPLE-PROVIDER/localhost:microservice-simple-provider:8080 - registration status: 204
2019-11-29 16:51:33.634 INFO  org.apache.coyote.http11.Http11NioProtocol - Starting ProtocolHandler ["http-nio-8080"]
2019-11-29 16:51:33.694 INFO  o.s.boot.web.embedded.tomcat.TomcatWebServer - Tomcat started on port(s): 8080 (http) with context path ''
2019-11-29 16:51:33.702 INFO  o.s.c.n.e.s.EurekaAutoServiceRegistration - Updating port to 8080
2019-11-29 16:51:33.708 INFO  c.e.m.MicroserviceSimpleProviderApplication - Started MicroserviceSimpleProviderApplication in 17.338 seconds (JVM running for 19.981)
2019-11-29 16:52:03.111 INFO  com.netflix.discovery.DiscoveryClient - Disable delta property : false
2019-11-29 16:52:03.112 INFO  com.netflix.discovery.DiscoveryClient - Single vip registry refresh property : null
2019-11-29 16:52:03.113 INFO  com.netflix.discovery.DiscoveryClient - Force full registry fetch : false
2019-11-29 16:52:03.113 INFO  com.netflix.discovery.DiscoveryClient - Application is null : false
2019-11-29 16:52:03.113 INFO  com.netflix.discovery.DiscoveryClient - Registered Applications size is zero : true
2019-11-29 16:52:03.114 INFO  com.netflix.discovery.DiscoveryClient - Application version is -1: false
2019-11-29 16:52:03.114 INFO  com.netflix.discovery.DiscoveryClient - Getting all instance registry info from the eureka server
2019-11-29 16:52:03.198 INFO  com.netflix.discovery.DiscoveryClient - The response status is 200
2019-11-29 16:52:50.866 INFO  o.s.c.n.e.serviceregistry.EurekaServiceRegistry - Unregistering application MICROSERVICE-SIMPLE-PROVIDER with eureka with status DOWN
2019-11-29 16:52:50.868 WARN  com.netflix.discovery.DiscoveryClient - Saw local status change event StatusChangeEvent [timestamp=1575017570868, current=DOWN, previous=UP]
2019-11-29 16:52:50.872 INFO  com.netflix.discovery.DiscoveryClient - DiscoveryClient_MICROSERVICE-SIMPLE-PROVIDER/localhost:microservice-simple-provider:8080: registering service...
2019-11-29 16:52:50.874 INFO  o.s.scheduling.concurrent.ThreadPoolTaskExecutor - Shutting down ExecutorService 'applicationTaskExecutor'
2019-11-29 16:52:50.879 INFO  com.netflix.discovery.DiscoveryClient - DiscoveryClient_MICROSERVICE-SIMPLE-PROVIDER/localhost:microservice-simple-provider:8080 - registration status: 204
2019-11-29 16:52:50.891 INFO  com.netflix.discovery.DiscoveryClient - Shutting down DiscoveryClient ...
2019-11-29 16:52:53.893 INFO  com.netflix.discovery.DiscoveryClient - Unregistering ...
2019-11-29 16:52:53.906 INFO  com.netflix.discovery.DiscoveryClient - DiscoveryClient_MICROSERVICE-SIMPLE-PROVIDER/localhost:microservice-simple-provider:8080 - deregister  status: 200
2019-11-29 16:52:53.916 INFO  com.netflix.discovery.DiscoveryClient - Completed shut down of DiscoveryClient
2019-11-29 16:53:07.439 INFO  o.s.c.s.PostProcessorRegistrationDelegate$BeanPostProcessorChecker - Bean 'org.springframework.cloud.autoconfigure.ConfigurationPropertiesRebinderAutoConfiguration' of type [org.springframework.cloud.autoconfigure.ConfigurationPropertiesRebinderAutoConfiguration$$EnhancerBySpringCGLIB$$13251f53] is not eligible for getting processed by all BeanPostProcessors (for example: not eligible for auto-proxying)
2019-11-29 16:53:09.408 INFO  c.e.m.MicroserviceSimpleProviderApplication - No active profile set, falling back to default profiles: default
2019-11-29 16:53:11.133 INFO  o.springframework.cloud.context.scope.GenericScope - BeanFactory id=a09f9233-4395-310f-bc58-b4a4f3ae78cd
2019-11-29 16:53:11.186 INFO  o.s.c.s.PostProcessorRegistrationDelegate$BeanPostProcessorChecker - Bean 'com.example.microservicesimpleapi.service.IUserService' of type [org.springframework.cloud.openfeign.FeignClientFactoryBean] is not eligible for getting processed by all BeanPostProcessors (for example: not eligible for auto-proxying)
2019-11-29 16:53:11.384 INFO  o.s.c.s.PostProcessorRegistrationDelegate$BeanPostProcessorChecker - Bean 'org.springframework.transaction.annotation.ProxyTransactionManagementConfiguration' of type [org.springframework.transaction.annotation.ProxyTransactionManagementConfiguration$$EnhancerBySpringCGLIB$$f70b1c56] is not eligible for getting processed by all BeanPostProcessors (for example: not eligible for auto-proxying)
2019-11-29 16:53:11.428 INFO  o.s.c.s.PostProcessorRegistrationDelegate$BeanPostProcessorChecker - Bean 'org.springframework.cloud.autoconfigure.ConfigurationPropertiesRebinderAutoConfiguration' of type [org.springframework.cloud.autoconfigure.ConfigurationPropertiesRebinderAutoConfiguration$$EnhancerBySpringCGLIB$$13251f53] is not eligible for getting processed by all BeanPostProcessors (for example: not eligible for auto-proxying)
2019-11-29 16:53:11.927 INFO  o.s.boot.web.embedded.tomcat.TomcatWebServer - Tomcat initialized with port(s): 8080 (http)
2019-11-29 16:53:11.955 INFO  org.apache.coyote.http11.Http11NioProtocol - Initializing ProtocolHandler ["http-nio-8080"]
2019-11-29 16:53:11.968 INFO  org.apache.catalina.core.StandardService - Starting service [Tomcat]
2019-11-29 16:53:11.968 INFO  org.apache.catalina.core.StandardEngine - Starting Servlet engine: [Apache Tomcat/9.0.19]
2019-11-29 16:53:12.243 INFO  o.a.c.core.ContainerBase.[Tomcat].[localhost].[/] - Initializing Spring embedded WebApplicationContext
2019-11-29 16:53:12.243 INFO  org.springframework.web.context.ContextLoader - Root WebApplicationContext: initialization completed in 2788 ms
2019-11-29 16:53:14.186 INFO  s.d.s.w.PropertySourcedRequestMappingHandlerMapping - Mapped URL path [/v2/api-docs] onto method [public org.springframework.http.ResponseEntity<springfox.documentation.spring.web.json.Json> springfox.documentation.swagger2.web.Swagger2Controller.getDocumentation(java.lang.String,javax.servlet.http.HttpServletRequest)]
2019-11-29 16:53:14.220 WARN  com.netflix.config.sources.URLConfigurationSource - No URLs will be polled as dynamic configuration sources.
2019-11-29 16:53:14.220 INFO  com.netflix.config.sources.URLConfigurationSource - To enable URLs as dynamic configuration sources, define System property archaius.configurationSource.additionalUrls or make config.properties available on classpath.
2019-11-29 16:53:14.225 WARN  com.netflix.config.sources.URLConfigurationSource - No URLs will be polled as dynamic configuration sources.
2019-11-29 16:53:14.225 INFO  com.netflix.config.sources.URLConfigurationSource - To enable URLs as dynamic configuration sources, define System property archaius.configurationSource.additionalUrls or make config.properties available on classpath.
2019-11-29 16:53:14.529 INFO  o.s.scheduling.concurrent.ThreadPoolTaskExecutor - Initializing ExecutorService 'applicationTaskExecutor'
2019-11-29 16:53:16.671 INFO  org.springframework.cloud.commons.util.InetUtils - Cannot determine local hostname
2019-11-29 16:53:18.898 INFO  org.springframework.cloud.commons.util.InetUtils - Cannot determine local hostname
2019-11-29 16:53:19.233 INFO  o.s.cloud.netflix.eureka.InstanceInfoFactory - Setting initial instance status as: STARTING
2019-11-29 16:53:19.298 INFO  com.netflix.discovery.DiscoveryClient - Initializing Eureka in region us-east-1
2019-11-29 16:53:19.603 INFO  c.n.discovery.provider.DiscoveryJerseyProvider - Using JSON encoding codec LegacyJacksonJson
2019-11-29 16:53:19.604 INFO  c.n.discovery.provider.DiscoveryJerseyProvider - Using JSON decoding codec LegacyJacksonJson
2019-11-29 16:53:19.947 INFO  c.n.discovery.provider.DiscoveryJerseyProvider - Using XML encoding codec XStreamXml
2019-11-29 16:53:19.949 INFO  c.n.discovery.provider.DiscoveryJerseyProvider - Using XML decoding codec XStreamXml
2019-11-29 16:53:20.485 INFO  c.n.d.shared.resolver.aws.ConfigClusterResolver - Resolving eureka endpoints via configuration
2019-11-29 16:53:21.392 INFO  com.netflix.discovery.DiscoveryClient - Disable delta property : false
2019-11-29 16:53:21.472 INFO  com.netflix.discovery.DiscoveryClient - Single vip registry refresh property : null
2019-11-29 16:53:21.473 INFO  com.netflix.discovery.DiscoveryClient - Force full registry fetch : false
2019-11-29 16:53:21.473 INFO  com.netflix.discovery.DiscoveryClient - Application is null : false
2019-11-29 16:53:21.474 INFO  com.netflix.discovery.DiscoveryClient - Registered Applications size is zero : true
2019-11-29 16:53:21.474 INFO  com.netflix.discovery.DiscoveryClient - Application version is -1: true
2019-11-29 16:53:21.474 INFO  com.netflix.discovery.DiscoveryClient - Getting all instance registry info from the eureka server
2019-11-29 16:53:22.263 INFO  com.netflix.discovery.DiscoveryClient - The response status is 200
2019-11-29 16:53:22.271 INFO  com.netflix.discovery.DiscoveryClient - Starting heartbeat executor: renew interval is: 30
2019-11-29 16:53:22.275 INFO  com.netflix.discovery.InstanceInfoReplicator - InstanceInfoReplicator onDemand update allowed rate per min is 4
2019-11-29 16:53:22.285 INFO  com.netflix.discovery.DiscoveryClient - Discovery Client initialized at timestamp 1575017602283 with initial instances count: 0
2019-11-29 16:53:22.287 INFO  o.s.c.n.e.serviceregistry.EurekaServiceRegistry - Registering application MICROSERVICE-SIMPLE-PROVIDER with eureka with status UP
2019-11-29 16:53:22.288 INFO  com.netflix.discovery.DiscoveryClient - Saw local status change event StatusChangeEvent [timestamp=1575017602288, current=UP, previous=STARTING]
2019-11-29 16:53:22.291 INFO  s.d.s.web.plugins.DocumentationPluginsBootstrapper - Context refreshed
2019-11-29 16:53:22.290 INFO  com.netflix.discovery.DiscoveryClient - DiscoveryClient_MICROSERVICE-SIMPLE-PROVIDER/localhost:microservice-simple-provider:8080: registering service...
2019-11-29 16:53:22.356 INFO  s.d.s.web.plugins.DocumentationPluginsBootstrapper - Found 1 custom documentation plugin(s)
2019-11-29 16:53:22.442 INFO  s.d.spring.web.scanners.ApiListingReferenceScanner - Scanning for api listing references
2019-11-29 16:53:22.458 INFO  com.netflix.discovery.DiscoveryClient - DiscoveryClient_MICROSERVICE-SIMPLE-PROVIDER/localhost:microservice-simple-provider:8080 - registration status: 204
2019-11-29 16:53:22.795 INFO  org.apache.coyote.http11.Http11NioProtocol - Starting ProtocolHandler ["http-nio-8080"]
2019-11-29 16:53:22.907 INFO  o.s.boot.web.embedded.tomcat.TomcatWebServer - Tomcat started on port(s): 8080 (http) with context path ''
2019-11-29 16:53:22.908 INFO  o.s.c.n.e.s.EurekaAutoServiceRegistration - Updating port to 8080
2019-11-29 16:53:22.911 INFO  c.e.m.MicroserviceSimpleProviderApplication - Started MicroserviceSimpleProviderApplication in 18.842 seconds (JVM running for 21.637)
2019-11-29 16:53:28.760 INFO  o.s.c.s.PostProcessorRegistrationDelegate$BeanPostProcessorChecker - Bean 'org.springframework.cloud.autoconfigure.ConfigurationPropertiesRebinderAutoConfiguration' of type [org.springframework.cloud.autoconfigure.ConfigurationPropertiesRebinderAutoConfiguration$$EnhancerBySpringCGLIB$$1a06da1f] is not eligible for getting processed by all BeanPostProcessors (for example: not eligible for auto-proxying)
2019-11-29 16:53:30.671 INFO  c.e.m.MicroserviceSimpleProvider2Application - No active profile set, falling back to default profiles: default
2019-11-29 16:53:32.466 INFO  o.springframework.cloud.context.scope.GenericScope - BeanFactory id=4cb60f1a-de3e-38e4-a36e-cfe952cbad03
2019-11-29 16:53:32.503 INFO  o.s.c.s.PostProcessorRegistrationDelegate$BeanPostProcessorChecker - Bean 'com.example.microservicesimpleapi.service.IUserService' of type [org.springframework.cloud.openfeign.FeignClientFactoryBean] is not eligible for getting processed by all BeanPostProcessors (for example: not eligible for auto-proxying)
2019-11-29 16:53:32.653 INFO  o.s.c.s.PostProcessorRegistrationDelegate$BeanPostProcessorChecker - Bean 'org.springframework.transaction.annotation.ProxyTransactionManagementConfiguration' of type [org.springframework.transaction.annotation.ProxyTransactionManagementConfiguration$$EnhancerBySpringCGLIB$$fdecd722] is not eligible for getting processed by all BeanPostProcessors (for example: not eligible for auto-proxying)
2019-11-29 16:53:32.684 INFO  o.s.c.s.PostProcessorRegistrationDelegate$BeanPostProcessorChecker - Bean 'org.springframework.cloud.autoconfigure.ConfigurationPropertiesRebinderAutoConfiguration' of type [org.springframework.cloud.autoconfigure.ConfigurationPropertiesRebinderAutoConfiguration$$EnhancerBySpringCGLIB$$1a06da1f] is not eligible for getting processed by all BeanPostProcessors (for example: not eligible for auto-proxying)
2019-11-29 16:53:33.090 INFO  o.s.boot.web.embedded.tomcat.TomcatWebServer - Tomcat initialized with port(s): 8082 (http)
2019-11-29 16:53:33.122 INFO  org.apache.coyote.http11.Http11NioProtocol - Initializing ProtocolHandler ["http-nio-8082"]
2019-11-29 16:53:33.137 INFO  org.apache.catalina.core.StandardService - Starting service [Tomcat]
2019-11-29 16:53:33.137 INFO  org.apache.catalina.core.StandardEngine - Starting Servlet engine: [Apache Tomcat/9.0.19]
2019-11-29 16:53:33.401 INFO  o.a.c.core.ContainerBase.[Tomcat].[localhost].[/] - Initializing Spring embedded WebApplicationContext
2019-11-29 16:53:33.402 INFO  org.springframework.web.context.ContextLoader - Root WebApplicationContext: initialization completed in 2697 ms
2019-11-29 16:53:35.064 INFO  s.d.s.w.PropertySourcedRequestMappingHandlerMapping - Mapped URL path [/v2/api-docs] onto method [public org.springframework.http.ResponseEntity<springfox.documentation.spring.web.json.Json> springfox.documentation.swagger2.web.Swagger2Controller.getDocumentation(java.lang.String,javax.servlet.http.HttpServletRequest)]
2019-11-29 16:53:35.113 WARN  com.netflix.config.sources.URLConfigurationSource - No URLs will be polled as dynamic configuration sources.
2019-11-29 16:53:35.114 INFO  com.netflix.config.sources.URLConfigurationSource - To enable URLs as dynamic configuration sources, define System property archaius.configurationSource.additionalUrls or make config.properties available on classpath.
2019-11-29 16:53:35.121 WARN  com.netflix.config.sources.URLConfigurationSource - No URLs will be polled as dynamic configuration sources.
2019-11-29 16:53:35.121 INFO  com.netflix.config.sources.URLConfigurationSource - To enable URLs as dynamic configuration sources, define System property archaius.configurationSource.additionalUrls or make config.properties available on classpath.
2019-11-29 16:53:35.399 INFO  o.s.scheduling.concurrent.ThreadPoolTaskExecutor - Initializing ExecutorService 'applicationTaskExecutor'
2019-11-29 16:53:37.454 INFO  org.springframework.cloud.commons.util.InetUtils - Cannot determine local hostname
2019-11-29 16:53:39.100 INFO  org.springframework.cloud.commons.util.InetUtils - Cannot determine local hostname
2019-11-29 16:53:39.371 INFO  o.s.cloud.netflix.eureka.InstanceInfoFactory - Setting initial instance status as: STARTING
2019-11-29 16:53:39.435 INFO  com.netflix.discovery.DiscoveryClient - Initializing Eureka in region us-east-1
2019-11-29 16:53:39.675 INFO  c.n.discovery.provider.DiscoveryJerseyProvider - Using JSON encoding codec LegacyJacksonJson
2019-11-29 16:53:39.676 INFO  c.n.discovery.provider.DiscoveryJerseyProvider - Using JSON decoding codec LegacyJacksonJson
2019-11-29 16:53:39.931 INFO  c.n.discovery.provider.DiscoveryJerseyProvider - Using XML encoding codec XStreamXml
2019-11-29 16:53:39.931 INFO  c.n.discovery.provider.DiscoveryJerseyProvider - Using XML decoding codec XStreamXml
2019-11-29 16:53:40.308 INFO  c.n.d.shared.resolver.aws.ConfigClusterResolver - Resolving eureka endpoints via configuration
2019-11-29 16:53:40.710 INFO  com.netflix.discovery.DiscoveryClient - Disable delta property : false
2019-11-29 16:53:40.710 INFO  com.netflix.discovery.DiscoveryClient - Single vip registry refresh property : null
2019-11-29 16:53:40.710 INFO  com.netflix.discovery.DiscoveryClient - Force full registry fetch : false
2019-11-29 16:53:40.710 INFO  com.netflix.discovery.DiscoveryClient - Application is null : false
2019-11-29 16:53:40.710 INFO  com.netflix.discovery.DiscoveryClient - Registered Applications size is zero : true
2019-11-29 16:53:40.711 INFO  com.netflix.discovery.DiscoveryClient - Application version is -1: true
2019-11-29 16:53:40.711 INFO  com.netflix.discovery.DiscoveryClient - Getting all instance registry info from the eureka server
2019-11-29 16:53:41.200 INFO  com.netflix.discovery.DiscoveryClient - The response status is 200
2019-11-29 16:53:41.203 INFO  com.netflix.discovery.DiscoveryClient - Starting heartbeat executor: renew interval is: 30
2019-11-29 16:53:41.207 INFO  com.netflix.discovery.InstanceInfoReplicator - InstanceInfoReplicator onDemand update allowed rate per min is 4
2019-11-29 16:53:41.212 INFO  com.netflix.discovery.DiscoveryClient - Discovery Client initialized at timestamp 1575017621211 with initial instances count: 1
2019-11-29 16:53:41.213 INFO  o.s.c.n.e.serviceregistry.EurekaServiceRegistry - Registering application MICROSERVICE-SIMPLE-PROVIDER with eureka with status UP
2019-11-29 16:53:41.214 INFO  com.netflix.discovery.DiscoveryClient - Saw local status change event StatusChangeEvent [timestamp=1575017621214, current=UP, previous=STARTING]
2019-11-29 16:53:41.219 INFO  s.d.s.web.plugins.DocumentationPluginsBootstrapper - Context refreshed
2019-11-29 16:53:41.218 INFO  com.netflix.discovery.DiscoveryClient - DiscoveryClient_MICROSERVICE-SIMPLE-PROVIDER/localhost:microservice-simple-provider:8082: registering service...
2019-11-29 16:53:41.266 INFO  s.d.s.web.plugins.DocumentationPluginsBootstrapper - Found 1 custom documentation plugin(s)
2019-11-29 16:53:41.281 INFO  com.netflix.discovery.DiscoveryClient - DiscoveryClient_MICROSERVICE-SIMPLE-PROVIDER/localhost:microservice-simple-provider:8082 - registration status: 204
2019-11-29 16:53:41.329 INFO  s.d.spring.web.scanners.ApiListingReferenceScanner - Scanning for api listing references
2019-11-29 16:53:41.584 INFO  org.apache.coyote.http11.Http11NioProtocol - Starting ProtocolHandler ["http-nio-8082"]
2019-11-29 16:53:41.632 INFO  o.s.boot.web.embedded.tomcat.TomcatWebServer - Tomcat started on port(s): 8082 (http) with context path ''
2019-11-29 16:53:41.633 INFO  o.s.c.n.e.s.EurekaAutoServiceRegistration - Updating port to 8082
2019-11-29 16:53:41.635 INFO  c.e.m.MicroserviceSimpleProvider2Application - Started MicroserviceSimpleProvider2Application in 16.426 seconds (JVM running for 20.112)
2019-11-29 16:53:52.272 INFO  com.netflix.discovery.DiscoveryClient - Disable delta property : false
2019-11-29 16:53:52.273 INFO  com.netflix.discovery.DiscoveryClient - Single vip registry refresh property : null
2019-11-29 16:53:52.273 INFO  com.netflix.discovery.DiscoveryClient - Force full registry fetch : false
2019-11-29 16:53:52.273 INFO  com.netflix.discovery.DiscoveryClient - Application is null : false
2019-11-29 16:53:52.273 INFO  com.netflix.discovery.DiscoveryClient - Registered Applications size is zero : true
2019-11-29 16:53:52.273 INFO  com.netflix.discovery.DiscoveryClient - Application version is -1: false
2019-11-29 16:53:52.273 INFO  com.netflix.discovery.DiscoveryClient - Getting all instance registry info from the eureka server
2019-11-29 16:53:52.363 INFO  com.netflix.discovery.DiscoveryClient - The response status is 200
2019-11-29 16:54:36.466 INFO  o.a.c.core.ContainerBase.[Tomcat].[localhost].[/] - Initializing Spring DispatcherServlet 'dispatcherServlet'
2019-11-29 16:54:36.467 INFO  org.springframework.web.servlet.DispatcherServlet - Initializing Servlet 'dispatcherServlet'
2019-11-29 16:54:36.482 INFO  org.springframework.web.servlet.DispatcherServlet - Completed initialization in 15 ms
2019-11-29 16:54:36.622 INFO  com.zaxxer.hikari.HikariDataSource - HikariPool-1 - Starting...
2019-11-29 16:54:36.841 INFO  com.zaxxer.hikari.HikariDataSource - HikariPool-1 - Start completed.
2019-11-29 16:54:36.935 INFO  c.e.m.serviceImpl.UserServiceImpl - microservice-simple-provider
2019-11-29 16:56:52.620 INFO  o.a.c.core.ContainerBase.[Tomcat].[localhost].[/] - Initializing Spring DispatcherServlet 'dispatcherServlet'
2019-11-29 16:56:52.620 INFO  org.springframework.web.servlet.DispatcherServlet - Initializing Servlet 'dispatcherServlet'
2019-11-29 16:56:52.633 INFO  org.springframework.web.servlet.DispatcherServlet - Completed initialization in 13 ms
2019-11-29 16:56:52.740 INFO  com.zaxxer.hikari.HikariDataSource - HikariPool-1 - Starting...
2019-11-29 16:56:53.017 INFO  com.zaxxer.hikari.HikariDataSource - HikariPool-1 - Start completed.
2019-11-29 16:56:53.120 INFO  c.e.m.serviceImpl.UserServiceImpl - microservice-simple-provider
2019-11-29 16:57:20.746 INFO  c.e.m.serviceImpl.UserServiceImpl - microservice-simple-provider
2019-11-29 16:57:33.330 INFO  c.e.m.serviceImpl.UserServiceImpl - microservice-simple-provider
2019-11-29 16:57:33.335 INFO  c.e.m.serviceImpl.UserServiceImpl - microservice-simple-provider
2019-11-29 16:57:35.743 INFO  c.e.m.serviceImpl.UserServiceImpl - microservice-simple-provider
2019-11-29 16:57:36.566 INFO  c.e.m.serviceImpl.UserServiceImpl - microservice-simple-provider
2019-11-29 16:57:37.071 INFO  c.e.m.serviceImpl.UserServiceImpl - microservice-simple-provider
2019-11-29 16:58:21.481 INFO  c.n.d.shared.resolver.aws.ConfigClusterResolver - Resolving eureka endpoints via configuration
2019-11-29 16:58:40.716 INFO  c.n.d.shared.resolver.aws.ConfigClusterResolver - Resolving eureka endpoints via configuration
2019-11-29 17:03:21.484 INFO  c.n.d.shared.resolver.aws.ConfigClusterResolver - Resolving eureka endpoints via configuration
2019-11-29 17:03:40.720 INFO  c.n.d.shared.resolver.aws.ConfigClusterResolver - Resolving eureka endpoints via configuration
2019-11-29 17:05:28.548 INFO  c.e.m.serviceImpl.UserServiceImpl - microservice-simple-provider
2019-11-29 17:05:43.873 INFO  c.e.m.serviceImpl.UserServiceImpl - microservice-simple-provider
2019-11-29 17:05:44.673 INFO  c.e.m.serviceImpl.UserServiceImpl - microservice-simple-provider
2019-11-29 17:06:00.483 INFO  c.e.m.serviceImpl.UserServiceImpl - microservice-simple-provider
2019-11-29 17:06:15.839 INFO  c.e.m.serviceImpl.UserServiceImpl - microservice-simple-provider
2019-11-29 17:06:16.271 INFO  c.e.m.serviceImpl.UserServiceImpl - microservice-simple-provider
2019-11-29 17:06:16.642 INFO  c.e.m.serviceImpl.UserServiceImpl - microservice-simple-provider
2019-11-29 17:06:16.816 INFO  c.e.m.serviceImpl.UserServiceImpl - microservice-simple-provider
2019-11-29 17:06:16.984 INFO  c.e.m.serviceImpl.UserServiceImpl - microservice-simple-provider
2019-11-29 17:06:17.145 INFO  c.e.m.serviceImpl.UserServiceImpl - microservice-simple-provider
2019-11-29 17:06:17.311 INFO  c.e.m.serviceImpl.UserServiceImpl - microservice-simple-provider
2019-11-29 17:06:17.464 INFO  c.e.m.serviceImpl.UserServiceImpl - microservice-simple-provider
2019-11-29 17:06:17.632 INFO  c.e.m.serviceImpl.UserServiceImpl - microservice-simple-provider
2019-11-29 17:06:17.801 INFO  c.e.m.serviceImpl.UserServiceImpl - microservice-simple-provider
2019-11-29 17:06:17.950 INFO  c.e.m.serviceImpl.UserServiceImpl - microservice-simple-provider
2019-11-29 17:06:18.134 INFO  c.e.m.serviceImpl.UserServiceImpl - microservice-simple-provider
2019-11-29 17:06:18.300 INFO  c.e.m.serviceImpl.UserServiceImpl - microservice-simple-provider
2019-11-29 17:06:18.463 INFO  c.e.m.serviceImpl.UserServiceImpl - microservice-simple-provider
2019-11-29 17:06:18.628 INFO  c.e.m.serviceImpl.UserServiceImpl - microservice-simple-provider
2019-11-29 17:06:18.786 INFO  c.e.m.serviceImpl.UserServiceImpl - microservice-simple-provider
2019-11-29 17:06:18.945 INFO  c.e.m.serviceImpl.UserServiceImpl - microservice-simple-provider
2019-11-29 17:06:19.135 INFO  c.e.m.serviceImpl.UserServiceImpl - microservice-simple-provider
2019-11-29 17:07:23.127 INFO  o.s.c.n.e.serviceregistry.EurekaServiceRegistry - Unregistering application MICROSERVICE-SIMPLE-PROVIDER with eureka with status DOWN
2019-11-29 17:07:23.128 WARN  com.netflix.discovery.DiscoveryClient - Saw local status change event StatusChangeEvent [timestamp=1575018443128, current=DOWN, previous=UP]
2019-11-29 17:07:23.129 INFO  com.netflix.discovery.DiscoveryClient - DiscoveryClient_MICROSERVICE-SIMPLE-PROVIDER/localhost:microservice-simple-provider:8080: registering service...
2019-11-29 17:07:23.132 INFO  o.s.scheduling.concurrent.ThreadPoolTaskExecutor - Shutting down ExecutorService 'applicationTaskExecutor'
2019-11-29 17:07:23.134 INFO  com.netflix.discovery.DiscoveryClient - DiscoveryClient_MICROSERVICE-SIMPLE-PROVIDER/localhost:microservice-simple-provider:8080 - registration status: 204
2019-11-29 17:07:23.143 INFO  com.netflix.discovery.DiscoveryClient - Shutting down DiscoveryClient ...
2019-11-29 17:07:23.380 INFO  o.s.c.n.e.serviceregistry.EurekaServiceRegistry - Unregistering application MICROSERVICE-SIMPLE-PROVIDER with eureka with status DOWN
2019-11-29 17:07:23.384 WARN  com.netflix.discovery.DiscoveryClient - Saw local status change event StatusChangeEvent [timestamp=1575018443384, current=DOWN, previous=UP]
2019-11-29 17:07:23.385 INFO  com.netflix.discovery.DiscoveryClient - DiscoveryClient_MICROSERVICE-SIMPLE-PROVIDER/localhost:microservice-simple-provider:8082: registering service...
2019-11-29 17:07:23.390 INFO  com.netflix.discovery.DiscoveryClient - DiscoveryClient_MICROSERVICE-SIMPLE-PROVIDER/localhost:microservice-simple-provider:8082 - registration status: 204
2019-11-29 17:07:23.391 INFO  o.s.scheduling.concurrent.ThreadPoolTaskExecutor - Shutting down ExecutorService 'applicationTaskExecutor'
2019-11-29 17:07:23.395 INFO  com.netflix.discovery.DiscoveryClient - Shutting down DiscoveryClient ...
2019-11-29 17:07:26.146 INFO  com.netflix.discovery.DiscoveryClient - Unregistering ...
2019-11-29 17:07:26.396 INFO  com.netflix.discovery.DiscoveryClient - Unregistering ...
2019-11-29 17:07:28.158 ERROR c.n.d.s.t.decorator.RedirectingEurekaHttpClient - Request execution error. endpoint=DefaultEndpoint{ serviceUrl='http://user:123@localhost:8761/eureka/}
com.sun.jersey.api.client.ClientHandlerException: java.net.ConnectException: Connection refused: connect
	at com.sun.jersey.client.apache4.ApacheHttpClient4Handler.handle(ApacheHttpClient4Handler.java:187)
	at com.sun.jersey.api.client.filter.GZIPContentEncodingFilter.handle(GZIPContentEncodingFilter.java:123)
	at com.netflix.discovery.EurekaIdentityHeaderFilter.handle(EurekaIdentityHeaderFilter.java:27)
	at com.sun.jersey.api.client.Client.handle(Client.java:652)
	at com.sun.jersey.api.client.WebResource.handle(WebResource.java:682)
	at com.sun.jersey.api.client.WebResource.access$200(WebResource.java:74)
	at com.sun.jersey.api.client.WebResource$Builder.delete(WebResource.java:591)
	at com.netflix.discovery.shared.transport.jersey.AbstractJerseyEurekaHttpClient.cancel(AbstractJerseyEurekaHttpClient.java:76)
	at com.netflix.discovery.shared.transport.decorator.EurekaHttpClientDecorator$2.execute(EurekaHttpClientDecorator.java:74)
	at com.netflix.discovery.shared.transport.decorator.MetricsCollectingEurekaHttpClient.execute(MetricsCollectingEurekaHttpClient.java:73)
	at com.netflix.discovery.shared.transport.decorator.EurekaHttpClientDecorator.cancel(EurekaHttpClientDecorator.java:71)
	at com.netflix.discovery.shared.transport.decorator.EurekaHttpClientDecorator$2.execute(EurekaHttpClientDecorator.java:74)
	at com.netflix.discovery.shared.transport.decorator.RedirectingEurekaHttpClient.execute(RedirectingEurekaHttpClient.java:89)
	at com.netflix.discovery.shared.transport.decorator.EurekaHttpClientDecorator.cancel(EurekaHttpClientDecorator.java:71)
	at com.netflix.discovery.shared.transport.decorator.EurekaHttpClientDecorator$2.execute(EurekaHttpClientDecorator.java:74)
	at com.netflix.discovery.shared.transport.decorator.RetryableEurekaHttpClient.execute(RetryableEurekaHttpClient.java:120)
	at com.netflix.discovery.shared.transport.decorator.EurekaHttpClientDecorator.cancel(EurekaHttpClientDecorator.java:71)
	at com.netflix.discovery.shared.transport.decorator.EurekaHttpClientDecorator$2.execute(EurekaHttpClientDecorator.java:74)
	at com.netflix.discovery.shared.transport.decorator.SessionedEurekaHttpClient.execute(SessionedEurekaHttpClient.java:77)
	at com.netflix.discovery.shared.transport.decorator.EurekaHttpClientDecorator.cancel(EurekaHttpClientDecorator.java:71)
	at com.netflix.discovery.DiscoveryClient.unregister(DiscoveryClient.java:923)
	at com.netflix.discovery.DiscoveryClient.shutdown(DiscoveryClient.java:901)
	at sun.reflect.NativeMethodAccessorImpl.invoke0(Native Method)
	at sun.reflect.NativeMethodAccessorImpl.invoke(NativeMethodAccessorImpl.java:62)
	at sun.reflect.DelegatingMethodAccessorImpl.invoke(DelegatingMethodAccessorImpl.java:43)
	at java.lang.reflect.Method.invoke(Method.java:497)
	at org.springframework.beans.factory.annotation.InitDestroyAnnotationBeanPostProcessor$LifecycleElement.invoke(InitDestroyAnnotationBeanPostProcessor.java:363)
	at org.springframework.beans.factory.annotation.InitDestroyAnnotationBeanPostProcessor$LifecycleMetadata.invokeDestroyMethods(InitDestroyAnnotationBeanPostProcessor.java:321)
	at org.springframework.beans.factory.annotation.InitDestroyAnnotationBeanPostProcessor.postProcessBeforeDestruction(InitDestroyAnnotationBeanPostProcessor.java:156)
	at org.springframework.beans.factory.support.DisposableBeanAdapter.destroy(DisposableBeanAdapter.java:240)
	at org.springframework.beans.factory.support.DisposableBeanAdapter.run(DisposableBeanAdapter.java:233)
	at org.springframework.cloud.context.scope.GenericScope$BeanLifecycleWrapper.destroy(GenericScope.java:403)
	at org.springframework.cloud.context.scope.GenericScope.destroy(GenericScope.java:142)
	at org.springframework.beans.factory.support.DisposableBeanAdapter.destroy(DisposableBeanAdapter.java:256)
	at org.springframework.beans.factory.support.DefaultSingletonBeanRegistry.destroyBean(DefaultSingletonBeanRegistry.java:571)
	at org.springframework.beans.factory.support.DefaultSingletonBeanRegistry.destroySingleton(DefaultSingletonBeanRegistry.java:543)
	at org.springframework.beans.factory.support.DefaultListableBeanFactory.destroySingleton(DefaultListableBeanFactory.java:1034)
	at org.springframework.beans.factory.support.DefaultSingletonBeanRegistry.destroySingletons(DefaultSingletonBeanRegistry.java:504)
	at org.springframework.beans.factory.support.DefaultListableBeanFactory.destroySingletons(DefaultListableBeanFactory.java:1027)
	at org.springframework.context.support.AbstractApplicationContext.destroyBeans(AbstractApplicationContext.java:1057)
	at org.springframework.context.support.AbstractApplicationContext.doClose(AbstractApplicationContext.java:1026)
	at org.springframework.context.support.AbstractApplicationContext$1.run(AbstractApplicationContext.java:945)
Caused by: java.net.ConnectException: Connection refused: connect
	at java.net.DualStackPlainSocketImpl.waitForConnect(Native Method)
	at java.net.DualStackPlainSocketImpl.socketConnect(DualStackPlainSocketImpl.java:85)
	at java.net.AbstractPlainSocketImpl.doConnect(AbstractPlainSocketImpl.java:345)
	at java.net.AbstractPlainSocketImpl.connectToAddress(AbstractPlainSocketImpl.java:206)
	at java.net.AbstractPlainSocketImpl.connect(AbstractPlainSocketImpl.java:188)
	at java.net.PlainSocketImpl.connect(PlainSocketImpl.java:172)
	at java.net.SocksSocketImpl.connect(SocksSocketImpl.java:392)
	at java.net.Socket.connect(Socket.java:589)
	at org.apache.http.conn.scheme.PlainSocketFactory.connectSocket(PlainSocketFactory.java:121)
	at org.apache.http.impl.conn.DefaultClientConnectionOperator.openConnection(DefaultClientConnectionOperator.java:180)
	at org.apache.http.impl.conn.AbstractPoolEntry.open(AbstractPoolEntry.java:144)
	at org.apache.http.impl.conn.AbstractPooledConnAdapter.open(AbstractPooledConnAdapter.java:134)
	at org.apache.http.impl.client.DefaultRequestDirector.tryConnect(DefaultRequestDirector.java:605)
	at org.apache.http.impl.client.DefaultRequestDirector.execute(DefaultRequestDirector.java:440)
	at org.apache.http.impl.client.AbstractHttpClient.doExecute(AbstractHttpClient.java:835)
	at org.apache.http.impl.client.CloseableHttpClient.execute(CloseableHttpClient.java:118)
	at org.apache.http.impl.client.CloseableHttpClient.execute(CloseableHttpClient.java:56)
	at com.sun.jersey.client.apache4.ApacheHttpClient4Handler.handle(ApacheHttpClient4Handler.java:173)
	... 41 common frames omitted
2019-11-29 17:07:28.159 WARN  c.n.d.s.t.decorator.RetryableEurekaHttpClient - Request execution failed with message: java.net.ConnectException: Connection refused: connect
2019-11-29 17:07:28.424 ERROR c.n.d.s.t.decorator.RedirectingEurekaHttpClient - Request execution error. endpoint=DefaultEndpoint{ serviceUrl='http://user:123@localhost:8761/eureka/}
com.sun.jersey.api.client.ClientHandlerException: java.net.ConnectException: Connection refused: connect
	at com.sun.jersey.client.apache4.ApacheHttpClient4Handler.handle(ApacheHttpClient4Handler.java:187)
	at com.sun.jersey.api.client.filter.GZIPContentEncodingFilter.handle(GZIPContentEncodingFilter.java:123)
	at com.netflix.discovery.EurekaIdentityHeaderFilter.handle(EurekaIdentityHeaderFilter.java:27)
	at com.sun.jersey.api.client.Client.handle(Client.java:652)
	at com.sun.jersey.api.client.WebResource.handle(WebResource.java:682)
	at com.sun.jersey.api.client.WebResource.access$200(WebResource.java:74)
	at com.sun.jersey.api.client.WebResource$Builder.delete(WebResource.java:591)
	at com.netflix.discovery.shared.transport.jersey.AbstractJerseyEurekaHttpClient.cancel(AbstractJerseyEurekaHttpClient.java:76)
	at com.netflix.discovery.shared.transport.decorator.EurekaHttpClientDecorator$2.execute(EurekaHttpClientDecorator.java:74)
	at com.netflix.discovery.shared.transport.decorator.MetricsCollectingEurekaHttpClient.execute(MetricsCollectingEurekaHttpClient.java:73)
	at com.netflix.discovery.shared.transport.decorator.EurekaHttpClientDecorator.cancel(EurekaHttpClientDecorator.java:71)
	at com.netflix.discovery.shared.transport.decorator.EurekaHttpClientDecorator$2.execute(EurekaHttpClientDecorator.java:74)
	at com.netflix.discovery.shared.transport.decorator.RedirectingEurekaHttpClient.execute(RedirectingEurekaHttpClient.java:89)
	at com.netflix.discovery.shared.transport.decorator.EurekaHttpClientDecorator.cancel(EurekaHttpClientDecorator.java:71)
	at com.netflix.discovery.shared.transport.decorator.EurekaHttpClientDecorator$2.execute(EurekaHttpClientDecorator.java:74)
	at com.netflix.discovery.shared.transport.decorator.RetryableEurekaHttpClient.execute(RetryableEurekaHttpClient.java:120)
	at com.netflix.discovery.shared.transport.decorator.EurekaHttpClientDecorator.cancel(EurekaHttpClientDecorator.java:71)
	at com.netflix.discovery.shared.transport.decorator.EurekaHttpClientDecorator$2.execute(EurekaHttpClientDecorator.java:74)
	at com.netflix.discovery.shared.transport.decorator.SessionedEurekaHttpClient.execute(SessionedEurekaHttpClient.java:77)
	at com.netflix.discovery.shared.transport.decorator.EurekaHttpClientDecorator.cancel(EurekaHttpClientDecorator.java:71)
	at com.netflix.discovery.DiscoveryClient.unregister(DiscoveryClient.java:923)
	at com.netflix.discovery.DiscoveryClient.shutdown(DiscoveryClient.java:901)
	at sun.reflect.NativeMethodAccessorImpl.invoke0(Native Method)
	at sun.reflect.NativeMethodAccessorImpl.invoke(NativeMethodAccessorImpl.java:62)
	at sun.reflect.DelegatingMethodAccessorImpl.invoke(DelegatingMethodAccessorImpl.java:43)
	at java.lang.reflect.Method.invoke(Method.java:497)
	at org.springframework.beans.factory.annotation.InitDestroyAnnotationBeanPostProcessor$LifecycleElement.invoke(InitDestroyAnnotationBeanPostProcessor.java:363)
	at org.springframework.beans.factory.annotation.InitDestroyAnnotationBeanPostProcessor$LifecycleMetadata.invokeDestroyMethods(InitDestroyAnnotationBeanPostProcessor.java:321)
	at org.springframework.beans.factory.annotation.InitDestroyAnnotationBeanPostProcessor.postProcessBeforeDestruction(InitDestroyAnnotationBeanPostProcessor.java:156)
	at org.springframework.beans.factory.support.DisposableBeanAdapter.destroy(DisposableBeanAdapter.java:240)
	at org.springframework.beans.factory.support.DisposableBeanAdapter.run(DisposableBeanAdapter.java:233)
	at org.springframework.cloud.context.scope.GenericScope$BeanLifecycleWrapper.destroy(GenericScope.java:403)
	at org.springframework.cloud.context.scope.GenericScope.destroy(GenericScope.java:142)
	at org.springframework.beans.factory.support.DisposableBeanAdapter.destroy(DisposableBeanAdapter.java:256)
	at org.springframework.beans.factory.support.DefaultSingletonBeanRegistry.destroyBean(DefaultSingletonBeanRegistry.java:571)
	at org.springframework.beans.factory.support.DefaultSingletonBeanRegistry.destroySingleton(DefaultSingletonBeanRegistry.java:543)
	at org.springframework.beans.factory.support.DefaultListableBeanFactory.destroySingleton(DefaultListableBeanFactory.java:1034)
	at org.springframework.beans.factory.support.DefaultSingletonBeanRegistry.destroySingletons(DefaultSingletonBeanRegistry.java:504)
	at org.springframework.beans.factory.support.DefaultListableBeanFactory.destroySingletons(DefaultListableBeanFactory.java:1027)
	at org.springframework.context.support.AbstractApplicationContext.destroyBeans(AbstractApplicationContext.java:1057)
	at org.springframework.context.support.AbstractApplicationContext.doClose(AbstractApplicationContext.java:1026)
	at org.springframework.context.support.AbstractApplicationContext$1.run(AbstractApplicationContext.java:945)
Caused by: java.net.ConnectException: Connection refused: connect
	at java.net.DualStackPlainSocketImpl.waitForConnect(Native Method)
	at java.net.DualStackPlainSocketImpl.socketConnect(DualStackPlainSocketImpl.java:85)
	at java.net.AbstractPlainSocketImpl.doConnect(AbstractPlainSocketImpl.java:345)
	at java.net.AbstractPlainSocketImpl.connectToAddress(AbstractPlainSocketImpl.java:206)
	at java.net.AbstractPlainSocketImpl.connect(AbstractPlainSocketImpl.java:188)
	at java.net.PlainSocketImpl.connect(PlainSocketImpl.java:172)
	at java.net.SocksSocketImpl.connect(SocksSocketImpl.java:392)
	at java.net.Socket.connect(Socket.java:589)
	at org.apache.http.conn.scheme.PlainSocketFactory.connectSocket(PlainSocketFactory.java:121)
	at org.apache.http.impl.conn.DefaultClientConnectionOperator.openConnection(DefaultClientConnectionOperator.java:180)
	at org.apache.http.impl.conn.AbstractPoolEntry.open(AbstractPoolEntry.java:144)
	at org.apache.http.impl.conn.AbstractPooledConnAdapter.open(AbstractPooledConnAdapter.java:134)
	at org.apache.http.impl.client.DefaultRequestDirector.tryConnect(DefaultRequestDirector.java:605)
	at org.apache.http.impl.client.DefaultRequestDirector.execute(DefaultRequestDirector.java:440)
	at org.apache.http.impl.client.AbstractHttpClient.doExecute(AbstractHttpClient.java:835)
	at org.apache.http.impl.client.CloseableHttpClient.execute(CloseableHttpClient.java:118)
	at org.apache.http.impl.client.CloseableHttpClient.execute(CloseableHttpClient.java:56)
	at com.sun.jersey.client.apache4.ApacheHttpClient4Handler.handle(ApacheHttpClient4Handler.java:173)
	... 41 common frames omitted
2019-11-29 17:07:28.426 WARN  c.n.d.s.t.decorator.RetryableEurekaHttpClient - Request execution failed with message: java.net.ConnectException: Connection refused: connect
2019-11-29 17:07:30.175 ERROR c.n.d.s.t.decorator.RedirectingEurekaHttpClient - Request execution error. endpoint=DefaultEndpoint{ serviceUrl='http://user:123@localhost:8761/eureka/}
com.sun.jersey.api.client.ClientHandlerException: java.net.ConnectException: Connection refused: connect
	at com.sun.jersey.client.apache4.ApacheHttpClient4Handler.handle(ApacheHttpClient4Handler.java:187)
	at com.sun.jersey.api.client.filter.GZIPContentEncodingFilter.handle(GZIPContentEncodingFilter.java:123)
	at com.netflix.discovery.EurekaIdentityHeaderFilter.handle(EurekaIdentityHeaderFilter.java:27)
	at com.sun.jersey.api.client.Client.handle(Client.java:652)
	at com.sun.jersey.api.client.WebResource.handle(WebResource.java:682)
	at com.sun.jersey.api.client.WebResource.access$200(WebResource.java:74)
	at com.sun.jersey.api.client.WebResource$Builder.delete(WebResource.java:591)
	at com.netflix.discovery.shared.transport.jersey.AbstractJerseyEurekaHttpClient.cancel(AbstractJerseyEurekaHttpClient.java:76)
	at com.netflix.discovery.shared.transport.decorator.EurekaHttpClientDecorator$2.execute(EurekaHttpClientDecorator.java:74)
	at com.netflix.discovery.shared.transport.decorator.MetricsCollectingEurekaHttpClient.execute(MetricsCollectingEurekaHttpClient.java:73)
	at com.netflix.discovery.shared.transport.decorator.EurekaHttpClientDecorator.cancel(EurekaHttpClientDecorator.java:71)
	at com.netflix.discovery.shared.transport.decorator.EurekaHttpClientDecorator$2.execute(EurekaHttpClientDecorator.java:74)
	at com.netflix.discovery.shared.transport.decorator.RedirectingEurekaHttpClient.executeOnNewServer(RedirectingEurekaHttpClient.java:118)
	at com.netflix.discovery.shared.transport.decorator.RedirectingEurekaHttpClient.execute(RedirectingEurekaHttpClient.java:79)
	at com.netflix.discovery.shared.transport.decorator.EurekaHttpClientDecorator.cancel(EurekaHttpClientDecorator.java:71)
	at com.netflix.discovery.shared.transport.decorator.EurekaHttpClientDecorator$2.execute(EurekaHttpClientDecorator.java:74)
	at com.netflix.discovery.shared.transport.decorator.RetryableEurekaHttpClient.execute(RetryableEurekaHttpClient.java:120)
	at com.netflix.discovery.shared.transport.decorator.EurekaHttpClientDecorator.cancel(EurekaHttpClientDecorator.java:71)
	at com.netflix.discovery.shared.transport.decorator.EurekaHttpClientDecorator$2.execute(EurekaHttpClientDecorator.java:74)
	at com.netflix.discovery.shared.transport.decorator.SessionedEurekaHttpClient.execute(SessionedEurekaHttpClient.java:77)
	at com.netflix.discovery.shared.transport.decorator.EurekaHttpClientDecorator.cancel(EurekaHttpClientDecorator.java:71)
	at com.netflix.discovery.DiscoveryClient.unregister(DiscoveryClient.java:923)
	at com.netflix.discovery.DiscoveryClient.shutdown(DiscoveryClient.java:901)
	at sun.reflect.NativeMethodAccessorImpl.invoke0(Native Method)
	at sun.reflect.NativeMethodAccessorImpl.invoke(NativeMethodAccessorImpl.java:62)
	at sun.reflect.DelegatingMethodAccessorImpl.invoke(DelegatingMethodAccessorImpl.java:43)
	at java.lang.reflect.Method.invoke(Method.java:497)
	at org.springframework.beans.factory.annotation.InitDestroyAnnotationBeanPostProcessor$LifecycleElement.invoke(InitDestroyAnnotationBeanPostProcessor.java:363)
	at org.springframework.beans.factory.annotation.InitDestroyAnnotationBeanPostProcessor$LifecycleMetadata.invokeDestroyMethods(InitDestroyAnnotationBeanPostProcessor.java:321)
	at org.springframework.beans.factory.annotation.InitDestroyAnnotationBeanPostProcessor.postProcessBeforeDestruction(InitDestroyAnnotationBeanPostProcessor.java:156)
	at org.springframework.beans.factory.support.DisposableBeanAdapter.destroy(DisposableBeanAdapter.java:240)
	at org.springframework.beans.factory.support.DisposableBeanAdapter.run(DisposableBeanAdapter.java:233)
	at org.springframework.cloud.context.scope.GenericScope$BeanLifecycleWrapper.destroy(GenericScope.java:403)
	at org.springframework.cloud.context.scope.GenericScope.destroy(GenericScope.java:142)
	at org.springframework.beans.factory.support.DisposableBeanAdapter.destroy(DisposableBeanAdapter.java:256)
	at org.springframework.beans.factory.support.DefaultSingletonBeanRegistry.destroyBean(DefaultSingletonBeanRegistry.java:571)
	at org.springframework.beans.factory.support.DefaultSingletonBeanRegistry.destroySingleton(DefaultSingletonBeanRegistry.java:543)
	at org.springframework.beans.factory.support.DefaultListableBeanFactory.destroySingleton(DefaultListableBeanFactory.java:1034)
	at org.springframework.beans.factory.support.DefaultSingletonBeanRegistry.destroySingletons(DefaultSingletonBeanRegistry.java:504)
	at org.springframework.beans.factory.support.DefaultListableBeanFactory.destroySingletons(DefaultListableBeanFactory.java:1027)
	at org.springframework.context.support.AbstractApplicationContext.destroyBeans(AbstractApplicationContext.java:1057)
	at org.springframework.context.support.AbstractApplicationContext.doClose(AbstractApplicationContext.java:1026)
	at org.springframework.context.support.AbstractApplicationContext$1.run(AbstractApplicationContext.java:945)
Caused by: java.net.ConnectException: Connection refused: connect
	at java.net.DualStackPlainSocketImpl.waitForConnect(Native Method)
	at java.net.DualStackPlainSocketImpl.socketConnect(DualStackPlainSocketImpl.java:85)
	at java.net.AbstractPlainSocketImpl.doConnect(AbstractPlainSocketImpl.java:345)
	at java.net.AbstractPlainSocketImpl.connectToAddress(AbstractPlainSocketImpl.java:206)
	at java.net.AbstractPlainSocketImpl.connect(AbstractPlainSocketImpl.java:188)
	at java.net.PlainSocketImpl.connect(PlainSocketImpl.java:172)
	at java.net.SocksSocketImpl.connect(SocksSocketImpl.java:392)
	at java.net.Socket.connect(Socket.java:589)
	at org.apache.http.conn.scheme.PlainSocketFactory.connectSocket(PlainSocketFactory.java:121)
	at org.apache.http.impl.conn.DefaultClientConnectionOperator.openConnection(DefaultClientConnectionOperator.java:180)
	at org.apache.http.impl.conn.AbstractPoolEntry.open(AbstractPoolEntry.java:144)
	at org.apache.http.impl.conn.AbstractPooledConnAdapter.open(AbstractPooledConnAdapter.java:134)
	at org.apache.http.impl.client.DefaultRequestDirector.tryConnect(DefaultRequestDirector.java:605)
	at org.apache.http.impl.client.DefaultRequestDirector.execute(DefaultRequestDirector.java:440)
	at org.apache.http.impl.client.AbstractHttpClient.doExecute(AbstractHttpClient.java:835)
	at org.apache.http.impl.client.CloseableHttpClient.execute(CloseableHttpClient.java:118)
	at org.apache.http.impl.client.CloseableHttpClient.execute(CloseableHttpClient.java:56)
	at com.sun.jersey.client.apache4.ApacheHttpClient4Handler.handle(ApacheHttpClient4Handler.java:173)
	... 42 common frames omitted
2019-11-29 17:07:30.176 WARN  c.n.d.s.t.decorator.RetryableEurekaHttpClient - Request execution failed with message: java.net.ConnectException: Connection refused: connect
2019-11-29 17:07:30.178 ERROR com.netflix.discovery.DiscoveryClient - DiscoveryClient_MICROSERVICE-SIMPLE-PROVIDER/localhost:microservice-simple-provider:8080 - de-registration failedCannot execute request on any known server
com.netflix.discovery.shared.transport.TransportException: Cannot execute request on any known server
	at com.netflix.discovery.shared.transport.decorator.RetryableEurekaHttpClient.execute(RetryableEurekaHttpClient.java:112)
	at com.netflix.discovery.shared.transport.decorator.EurekaHttpClientDecorator.cancel(EurekaHttpClientDecorator.java:71)
	at com.netflix.discovery.shared.transport.decorator.EurekaHttpClientDecorator$2.execute(EurekaHttpClientDecorator.java:74)
	at com.netflix.discovery.shared.transport.decorator.SessionedEurekaHttpClient.execute(SessionedEurekaHttpClient.java:77)
	at com.netflix.discovery.shared.transport.decorator.EurekaHttpClientDecorator.cancel(EurekaHttpClientDecorator.java:71)
	at com.netflix.discovery.DiscoveryClient.unregister(DiscoveryClient.java:923)
	at com.netflix.discovery.DiscoveryClient.shutdown(DiscoveryClient.java:901)
	at sun.reflect.NativeMethodAccessorImpl.invoke0(Native Method)
	at sun.reflect.NativeMethodAccessorImpl.invoke(NativeMethodAccessorImpl.java:62)
	at sun.reflect.DelegatingMethodAccessorImpl.invoke(DelegatingMethodAccessorImpl.java:43)
	at java.lang.reflect.Method.invoke(Method.java:497)
	at org.springframework.beans.factory.annotation.InitDestroyAnnotationBeanPostProcessor$LifecycleElement.invoke(InitDestroyAnnotationBeanPostProcessor.java:363)
	at org.springframework.beans.factory.annotation.InitDestroyAnnotationBeanPostProcessor$LifecycleMetadata.invokeDestroyMethods(InitDestroyAnnotationBeanPostProcessor.java:321)
	at org.springframework.beans.factory.annotation.InitDestroyAnnotationBeanPostProcessor.postProcessBeforeDestruction(InitDestroyAnnotationBeanPostProcessor.java:156)
	at org.springframework.beans.factory.support.DisposableBeanAdapter.destroy(DisposableBeanAdapter.java:240)
	at org.springframework.beans.factory.support.DisposableBeanAdapter.run(DisposableBeanAdapter.java:233)
	at org.springframework.cloud.context.scope.GenericScope$BeanLifecycleWrapper.destroy(GenericScope.java:403)
	at org.springframework.cloud.context.scope.GenericScope.destroy(GenericScope.java:142)
	at org.springframework.beans.factory.support.DisposableBeanAdapter.destroy(DisposableBeanAdapter.java:256)
	at org.springframework.beans.factory.support.DefaultSingletonBeanRegistry.destroyBean(DefaultSingletonBeanRegistry.java:571)
	at org.springframework.beans.factory.support.DefaultSingletonBeanRegistry.destroySingleton(DefaultSingletonBeanRegistry.java:543)
	at org.springframework.beans.factory.support.DefaultListableBeanFactory.destroySingleton(DefaultListableBeanFactory.java:1034)
	at org.springframework.beans.factory.support.DefaultSingletonBeanRegistry.destroySingletons(DefaultSingletonBeanRegistry.java:504)
	at org.springframework.beans.factory.support.DefaultListableBeanFactory.destroySingletons(DefaultListableBeanFactory.java:1027)
	at org.springframework.context.support.AbstractApplicationContext.destroyBeans(AbstractApplicationContext.java:1057)
	at org.springframework.context.support.AbstractApplicationContext.doClose(AbstractApplicationContext.java:1026)
	at org.springframework.context.support.AbstractApplicationContext$1.run(AbstractApplicationContext.java:945)
2019-11-29 17:07:30.189 INFO  com.netflix.discovery.DiscoveryClient - Completed shut down of DiscoveryClient
2019-11-29 17:07:30.189 INFO  com.zaxxer.hikari.HikariDataSource - HikariPool-1 - Shutdown initiated...
2019-11-29 17:07:30.197 INFO  com.zaxxer.hikari.HikariDataSource - HikariPool-1 - Shutdown completed.
2019-11-29 17:07:30.429 ERROR c.n.d.s.t.decorator.RedirectingEurekaHttpClient - Request execution error. endpoint=DefaultEndpoint{ serviceUrl='http://user:123@localhost:8761/eureka/}
com.sun.jersey.api.client.ClientHandlerException: java.net.ConnectException: Connection refused: connect
	at com.sun.jersey.client.apache4.ApacheHttpClient4Handler.handle(ApacheHttpClient4Handler.java:187)
	at com.sun.jersey.api.client.filter.GZIPContentEncodingFilter.handle(GZIPContentEncodingFilter.java:123)
	at com.netflix.discovery.EurekaIdentityHeaderFilter.handle(EurekaIdentityHeaderFilter.java:27)
	at com.sun.jersey.api.client.Client.handle(Client.java:652)
	at com.sun.jersey.api.client.WebResource.handle(WebResource.java:682)
	at com.sun.jersey.api.client.WebResource.access$200(WebResource.java:74)
	at com.sun.jersey.api.client.WebResource$Builder.delete(WebResource.java:591)
	at com.netflix.discovery.shared.transport.jersey.AbstractJerseyEurekaHttpClient.cancel(AbstractJerseyEurekaHttpClient.java:76)
	at com.netflix.discovery.shared.transport.decorator.EurekaHttpClientDecorator$2.execute(EurekaHttpClientDecorator.java:74)
	at com.netflix.discovery.shared.transport.decorator.MetricsCollectingEurekaHttpClient.execute(MetricsCollectingEurekaHttpClient.java:73)
	at com.netflix.discovery.shared.transport.decorator.EurekaHttpClientDecorator.cancel(EurekaHttpClientDecorator.java:71)
	at com.netflix.discovery.shared.transport.decorator.EurekaHttpClientDecorator$2.execute(EurekaHttpClientDecorator.java:74)
	at com.netflix.discovery.shared.transport.decorator.RedirectingEurekaHttpClient.executeOnNewServer(RedirectingEurekaHttpClient.java:118)
	at com.netflix.discovery.shared.transport.decorator.RedirectingEurekaHttpClient.execute(RedirectingEurekaHttpClient.java:79)
	at com.netflix.discovery.shared.transport.decorator.EurekaHttpClientDecorator.cancel(EurekaHttpClientDecorator.java:71)
	at com.netflix.discovery.shared.transport.decorator.EurekaHttpClientDecorator$2.execute(EurekaHttpClientDecorator.java:74)
	at com.netflix.discovery.shared.transport.decorator.RetryableEurekaHttpClient.execute(RetryableEurekaHttpClient.java:120)
	at com.netflix.discovery.shared.transport.decorator.EurekaHttpClientDecorator.cancel(EurekaHttpClientDecorator.java:71)
	at com.netflix.discovery.shared.transport.decorator.EurekaHttpClientDecorator$2.execute(EurekaHttpClientDecorator.java:74)
	at com.netflix.discovery.shared.transport.decorator.SessionedEurekaHttpClient.execute(SessionedEurekaHttpClient.java:77)
	at com.netflix.discovery.shared.transport.decorator.EurekaHttpClientDecorator.cancel(EurekaHttpClientDecorator.java:71)
	at com.netflix.discovery.DiscoveryClient.unregister(DiscoveryClient.java:923)
	at com.netflix.discovery.DiscoveryClient.shutdown(DiscoveryClient.java:901)
	at sun.reflect.NativeMethodAccessorImpl.invoke0(Native Method)
	at sun.reflect.NativeMethodAccessorImpl.invoke(NativeMethodAccessorImpl.java:62)
	at sun.reflect.DelegatingMethodAccessorImpl.invoke(DelegatingMethodAccessorImpl.java:43)
	at java.lang.reflect.Method.invoke(Method.java:497)
	at org.springframework.beans.factory.annotation.InitDestroyAnnotationBeanPostProcessor$LifecycleElement.invoke(InitDestroyAnnotationBeanPostProcessor.java:363)
	at org.springframework.beans.factory.annotation.InitDestroyAnnotationBeanPostProcessor$LifecycleMetadata.invokeDestroyMethods(InitDestroyAnnotationBeanPostProcessor.java:321)
	at org.springframework.beans.factory.annotation.InitDestroyAnnotationBeanPostProcessor.postProcessBeforeDestruction(InitDestroyAnnotationBeanPostProcessor.java:156)
	at org.springframework.beans.factory.support.DisposableBeanAdapter.destroy(DisposableBeanAdapter.java:240)
	at org.springframework.beans.factory.support.DisposableBeanAdapter.run(DisposableBeanAdapter.java:233)
	at org.springframework.cloud.context.scope.GenericScope$BeanLifecycleWrapper.destroy(GenericScope.java:403)
	at org.springframework.cloud.context.scope.GenericScope.destroy(GenericScope.java:142)
	at org.springframework.beans.factory.support.DisposableBeanAdapter.destroy(DisposableBeanAdapter.java:256)
	at org.springframework.beans.factory.support.DefaultSingletonBeanRegistry.destroyBean(DefaultSingletonBeanRegistry.java:571)
	at org.springframework.beans.factory.support.DefaultSingletonBeanRegistry.destroySingleton(DefaultSingletonBeanRegistry.java:543)
	at org.springframework.beans.factory.support.DefaultListableBeanFactory.destroySingleton(DefaultListableBeanFactory.java:1034)
	at org.springframework.beans.factory.support.DefaultSingletonBeanRegistry.destroySingletons(DefaultSingletonBeanRegistry.java:504)
	at org.springframework.beans.factory.support.DefaultListableBeanFactory.destroySingletons(DefaultListableBeanFactory.java:1027)
	at org.springframework.context.support.AbstractApplicationContext.destroyBeans(AbstractApplicationContext.java:1057)
	at org.springframework.context.support.AbstractApplicationContext.doClose(AbstractApplicationContext.java:1026)
	at org.springframework.context.support.AbstractApplicationContext$1.run(AbstractApplicationContext.java:945)
Caused by: java.net.ConnectException: Connection refused: connect
	at java.net.DualStackPlainSocketImpl.waitForConnect(Native Method)
	at java.net.DualStackPlainSocketImpl.socketConnect(DualStackPlainSocketImpl.java:85)
	at java.net.AbstractPlainSocketImpl.doConnect(AbstractPlainSocketImpl.java:345)
	at java.net.AbstractPlainSocketImpl.connectToAddress(AbstractPlainSocketImpl.java:206)
	at java.net.AbstractPlainSocketImpl.connect(AbstractPlainSocketImpl.java:188)
	at java.net.PlainSocketImpl.connect(PlainSocketImpl.java:172)
	at java.net.SocksSocketImpl.connect(SocksSocketImpl.java:392)
	at java.net.Socket.connect(Socket.java:589)
	at org.apache.http.conn.scheme.PlainSocketFactory.connectSocket(PlainSocketFactory.java:121)
	at org.apache.http.impl.conn.DefaultClientConnectionOperator.openConnection(DefaultClientConnectionOperator.java:180)
	at org.apache.http.impl.conn.AbstractPoolEntry.open(AbstractPoolEntry.java:144)
	at org.apache.http.impl.conn.AbstractPooledConnAdapter.open(AbstractPooledConnAdapter.java:134)
	at org.apache.http.impl.client.DefaultRequestDirector.tryConnect(DefaultRequestDirector.java:605)
	at org.apache.http.impl.client.DefaultRequestDirector.execute(DefaultRequestDirector.java:440)
	at org.apache.http.impl.client.AbstractHttpClient.doExecute(AbstractHttpClient.java:835)
	at org.apache.http.impl.client.CloseableHttpClient.execute(CloseableHttpClient.java:118)
	at org.apache.http.impl.client.CloseableHttpClient.execute(CloseableHttpClient.java:56)
	at com.sun.jersey.client.apache4.ApacheHttpClient4Handler.handle(ApacheHttpClient4Handler.java:173)
	... 42 common frames omitted
2019-11-29 17:07:30.430 WARN  c.n.d.s.t.decorator.RetryableEurekaHttpClient - Request execution failed with message: java.net.ConnectException: Connection refused: connect
2019-11-29 17:07:30.431 ERROR com.netflix.discovery.DiscoveryClient - DiscoveryClient_MICROSERVICE-SIMPLE-PROVIDER/localhost:microservice-simple-provider:8082 - de-registration failedCannot execute request on any known server
com.netflix.discovery.shared.transport.TransportException: Cannot execute request on any known server
	at com.netflix.discovery.shared.transport.decorator.RetryableEurekaHttpClient.execute(RetryableEurekaHttpClient.java:112)
	at com.netflix.discovery.shared.transport.decorator.EurekaHttpClientDecorator.cancel(EurekaHttpClientDecorator.java:71)
	at com.netflix.discovery.shared.transport.decorator.EurekaHttpClientDecorator$2.execute(EurekaHttpClientDecorator.java:74)
	at com.netflix.discovery.shared.transport.decorator.SessionedEurekaHttpClient.execute(SessionedEurekaHttpClient.java:77)
	at com.netflix.discovery.shared.transport.decorator.EurekaHttpClientDecorator.cancel(EurekaHttpClientDecorator.java:71)
	at com.netflix.discovery.DiscoveryClient.unregister(DiscoveryClient.java:923)
	at com.netflix.discovery.DiscoveryClient.shutdown(DiscoveryClient.java:901)
	at sun.reflect.NativeMethodAccessorImpl.invoke0(Native Method)
	at sun.reflect.NativeMethodAccessorImpl.invoke(NativeMethodAccessorImpl.java:62)
	at sun.reflect.DelegatingMethodAccessorImpl.invoke(DelegatingMethodAccessorImpl.java:43)
	at java.lang.reflect.Method.invoke(Method.java:497)
	at org.springframework.beans.factory.annotation.InitDestroyAnnotationBeanPostProcessor$LifecycleElement.invoke(InitDestroyAnnotationBeanPostProcessor.java:363)
	at org.springframework.beans.factory.annotation.InitDestroyAnnotationBeanPostProcessor$LifecycleMetadata.invokeDestroyMethods(InitDestroyAnnotationBeanPostProcessor.java:321)
	at org.springframework.beans.factory.annotation.InitDestroyAnnotationBeanPostProcessor.postProcessBeforeDestruction(InitDestroyAnnotationBeanPostProcessor.java:156)
	at org.springframework.beans.factory.support.DisposableBeanAdapter.destroy(DisposableBeanAdapter.java:240)
	at org.springframework.beans.factory.support.DisposableBeanAdapter.run(DisposableBeanAdapter.java:233)
	at org.springframework.cloud.context.scope.GenericScope$BeanLifecycleWrapper.destroy(GenericScope.java:403)
	at org.springframework.cloud.context.scope.GenericScope.destroy(GenericScope.java:142)
	at org.springframework.beans.factory.support.DisposableBeanAdapter.destroy(DisposableBeanAdapter.java:256)
	at org.springframework.beans.factory.support.DefaultSingletonBeanRegistry.destroyBean(DefaultSingletonBeanRegistry.java:571)
	at org.springframework.beans.factory.support.DefaultSingletonBeanRegistry.destroySingleton(DefaultSingletonBeanRegistry.java:543)
	at org.springframework.beans.factory.support.DefaultListableBeanFactory.destroySingleton(DefaultListableBeanFactory.java:1034)
	at org.springframework.beans.factory.support.DefaultSingletonBeanRegistry.destroySingletons(DefaultSingletonBeanRegistry.java:504)
	at org.springframework.beans.factory.support.DefaultListableBeanFactory.destroySingletons(DefaultListableBeanFactory.java:1027)
	at org.springframework.context.support.AbstractApplicationContext.destroyBeans(AbstractApplicationContext.java:1057)
	at org.springframework.context.support.AbstractApplicationContext.doClose(AbstractApplicationContext.java:1026)
	at org.springframework.context.support.AbstractApplicationContext$1.run(AbstractApplicationContext.java:945)
2019-11-29 17:07:30.439 INFO  com.netflix.discovery.DiscoveryClient - Completed shut down of DiscoveryClient
2019-11-29 17:07:30.440 INFO  com.zaxxer.hikari.HikariDataSource - HikariPool-1 - Shutdown initiated...
2019-11-29 17:07:30.452 INFO  com.zaxxer.hikari.HikariDataSource - HikariPool-1 - Shutdown completed.
